2025-09-30T06:37:20.104+05:30  INFO 25964 --- [restartedMain] com.spring.restapi.RestApiApplication    : Starting RestApiApplication using Java 17.0.4 with PID 25964 (C:\Springdevtools\RESTAPIs\RestAPI\target\classes started by 91992 in C:\Springdevtools\RESTAPIs\RestAPI)
2025-09-30T06:37:20.106+05:30 DEBUG 25964 --- [restartedMain] com.spring.restapi.RestApiApplication    : Running with Spring Boot v3.5.6, Spring v6.2.11
2025-09-30T06:37:20.106+05:30  INFO 25964 --- [restartedMain] com.spring.restapi.RestApiApplication    : No active profile set, falling back to 1 default profile: "default"
2025-09-30T06:37:20.481+05:30  INFO 25964 --- [restartedMain] o.apache.catalina.core.StandardService   : Starting service [Tomcat]
2025-09-30T06:37:20.482+05:30  INFO 25964 --- [restartedMain] o.apache.catalina.core.StandardEngine    : Starting Servlet engine: [Apache Tomcat/10.1.46]
2025-09-30T06:37:20.513+05:30  INFO 25964 --- [restartedMain] o.a.c.c.C.[Tomcat].[localhost].[/]       : Initializing Spring embedded WebApplicationContext
2025-09-30T06:37:20.559+05:30  INFO 25964 --- [restartedMain] com.zaxxer.hikari.HikariDataSource       : HikariPool-2 - Starting...
2025-09-30T06:37:20.561+05:30  INFO 25964 --- [restartedMain] com.zaxxer.hikari.pool.HikariPool        : HikariPool-2 - Added connection conn10: url=jdbc:h2:mem:testdb user=SA
2025-09-30T06:37:20.561+05:30  INFO 25964 --- [restartedMain] com.zaxxer.hikari.HikariDataSource       : HikariPool-2 - Start completed.
2025-09-30T06:37:20.562+05:30  WARN 25964 --- [restartedMain] org.hibernate.orm.deprecation            : HHH90000025: H2Dialect does not need to be specified explicitly using 'hibernate.dialect' (remove the property setting and it will be selected by default)
2025-09-30T06:37:20.621+05:30 DEBUG 25964 --- [restartedMain] org.hibernate.SQL                        : 
    drop table if exists dataanotations cascade 
2025-09-30T06:37:20.621+05:30 DEBUG 25964 --- [restartedMain] org.hibernate.SQL                        : 
    drop table if exists employees cascade 
2025-09-30T06:37:20.622+05:30 DEBUG 25964 --- [restartedMain] org.hibernate.SQL                        : 
    create table dataanotations (
        id integer not null,
        salary float(53) not null,
        dept varchar(255),
        gender varchar(255),
        name varchar(255),
        primary key (id)
    )
2025-09-30T06:37:20.623+05:30 DEBUG 25964 --- [restartedMain] org.hibernate.SQL                        : 
    create table employees (
        bonus float(53) check (bonus>=0),
        pf float(53) check (pf>=0),
        salary float(53) not null check (salary>=0),
        tax float(53) check (tax>=0),
        id bigint generated by default as identity,
        department varchar(255) not null,
        gender varchar(255) not null,
        name varchar(255) not null,
        primary key (id)
    )
2025-09-30T06:37:20.699+05:30  WARN 25964 --- [restartedMain] JpaBaseConfiguration$JpaWebConfiguration : spring.jpa.open-in-view is enabled by default. Therefore, database queries may be performed during view rendering. Explicitly configure spring.jpa.open-in-view to disable this warning
2025-09-30T06:37:20.828+05:30  INFO 25964 --- [restartedMain] com.spring.restapi.RestApiApplication    : Started RestApiApplication in 0.752 seconds (process running for 126.433)
2025-09-30T06:38:48.964+05:30  INFO 25964 --- [http-nio-8082-exec-1] o.a.c.c.C.[Tomcat].[localhost].[/]       : Initializing Spring DispatcherServlet 'dispatcherServlet'
2025-09-30T06:38:49.594+05:30  INFO 25964 --- [http-nio-8082-exec-4] o.springdoc.api.AbstractOpenApiResource  : Init duration for springdoc-openapi is: 245 ms
2025-09-30T06:41:24.415+05:30 DEBUG 25964 --- [Thread-7] org.hibernate.SQL                        : 
    drop table if exists dataanotations cascade 
2025-09-30T06:41:24.415+05:30 DEBUG 25964 --- [Thread-7] org.hibernate.SQL                        : 
    drop table if exists employees cascade 
2025-09-30T06:41:24.417+05:30  WARN 25964 --- [Thread-7] o.s.b.f.support.DisposableBeanAdapter    : Invocation of destroy method failed on bean with name 'inMemoryDatabaseShutdownExecutor': org.h2.jdbc.JdbcSQLNonTransientConnectionException: Database is already closed (to disable automatic closing at VM shutdown, add ";DB_CLOSE_ON_EXIT=FALSE" to the db URL) [90121-232]
2025-09-30T06:41:24.417+05:30  INFO 25964 --- [Thread-7] com.zaxxer.hikari.HikariDataSource       : HikariPool-2 - Shutdown initiated...
2025-09-30T06:41:24.417+05:30  INFO 25964 --- [Thread-7] com.zaxxer.hikari.HikariDataSource       : HikariPool-2 - Shutdown completed.
2025-09-30T06:41:24.461+05:30  INFO 25964 --- [restartedMain] com.spring.restapi.RestApiApplication    : Starting REST API Application...
2025-09-30T06:41:24.486+05:30  INFO 25964 --- [restartedMain] com.spring.restapi.RestApiApplication    : Starting RestApiApplication using Java 17.0.4 with PID 25964 (C:\Springdevtools\RESTAPIs\RestAPI\target\classes started by 91992 in C:\Springdevtools\RESTAPIs\RestAPI)
2025-09-30T06:41:24.497+05:30 DEBUG 25964 --- [restartedMain] com.spring.restapi.RestApiApplication    : Running with Spring Boot v3.5.6, Spring v6.2.11
2025-09-30T06:41:24.497+05:30  INFO 25964 --- [restartedMain] com.spring.restapi.RestApiApplication    : No active profile set, falling back to 1 default profile: "default"
2025-09-30T06:41:24.861+05:30  INFO 25964 --- [restartedMain] o.apache.catalina.core.StandardService   : Starting service [Tomcat]
2025-09-30T06:41:24.862+05:30  INFO 25964 --- [restartedMain] o.apache.catalina.core.StandardEngine    : Starting Servlet engine: [Apache Tomcat/10.1.46]
2025-09-30T06:41:24.886+05:30  INFO 25964 --- [restartedMain] o.a.c.c.C.[Tomcat].[localhost].[/]       : Initializing Spring embedded WebApplicationContext
2025-09-30T06:41:24.924+05:30  INFO 25964 --- [restartedMain] com.zaxxer.hikari.HikariDataSource       : HikariPool-3 - Starting...
2025-09-30T06:41:24.924+05:30  INFO 25964 --- [restartedMain] com.zaxxer.hikari.pool.HikariPool        : HikariPool-3 - Added connection conn20: url=jdbc:h2:mem:testdb user=SA
2025-09-30T06:41:24.924+05:30  INFO 25964 --- [restartedMain] com.zaxxer.hikari.HikariDataSource       : HikariPool-3 - Start completed.
2025-09-30T06:41:24.924+05:30  WARN 25964 --- [restartedMain] org.hibernate.orm.deprecation            : HHH90000025: H2Dialect does not need to be specified explicitly using 'hibernate.dialect' (remove the property setting and it will be selected by default)
2025-09-30T06:41:24.988+05:30 DEBUG 25964 --- [restartedMain] org.hibernate.SQL                        : 
    drop table if exists dataanotations cascade 
2025-09-30T06:41:24.988+05:30 DEBUG 25964 --- [restartedMain] org.hibernate.SQL                        : 
    drop table if exists employees cascade 
2025-09-30T06:41:24.988+05:30 DEBUG 25964 --- [restartedMain] org.hibernate.SQL                        : 
    create table dataanotations (
        id integer not null,
        salary float(53) not null,
        dept varchar(255),
        gender varchar(255),
        name varchar(255),
        primary key (id)
    )
2025-09-30T06:41:24.988+05:30 DEBUG 25964 --- [restartedMain] org.hibernate.SQL                        : 
    create table employees (
        bonus float(53) check (bonus>=0),
        pf float(53) check (pf>=0),
        salary float(53) not null check (salary>=0),
        tax float(53) check (tax>=0),
        id bigint generated by default as identity,
        department varchar(255) not null,
        gender varchar(255) not null,
        name varchar(255) not null,
        primary key (id)
    )
2025-09-30T06:41:25.068+05:30  WARN 25964 --- [restartedMain] JpaBaseConfiguration$JpaWebConfiguration : spring.jpa.open-in-view is enabled by default. Therefore, database queries may be performed during view rendering. Explicitly configure spring.jpa.open-in-view to disable this warning
2025-09-30T06:41:25.221+05:30  INFO 25964 --- [restartedMain] com.spring.restapi.RestApiApplication    : Started RestApiApplication in 0.756 seconds (process running for 370.826)
2025-09-30T06:41:25.222+05:30  INFO 25964 --- [restartedMain] com.spring.restapi.RestApiApplication    : REST API Application started successfully!
2025-09-30T06:44:54.621+05:30 DEBUG 25964 --- [Thread-12] org.hibernate.SQL                        : 
    drop table if exists dataanotations cascade 
2025-09-30T06:44:54.622+05:30 DEBUG 25964 --- [Thread-12] org.hibernate.SQL                        : 
    drop table if exists employees cascade 
2025-09-30T06:44:54.623+05:30  WARN 25964 --- [Thread-12] o.s.b.f.support.DisposableBeanAdapter    : Invocation of destroy method failed on bean with name 'inMemoryDatabaseShutdownExecutor': org.h2.jdbc.JdbcSQLNonTransientConnectionException: Database is already closed (to disable automatic closing at VM shutdown, add ";DB_CLOSE_ON_EXIT=FALSE" to the db URL) [90121-232]
2025-09-30T06:44:54.623+05:30  INFO 25964 --- [Thread-12] com.zaxxer.hikari.HikariDataSource       : HikariPool-3 - Shutdown initiated...
2025-09-30T06:44:54.624+05:30  INFO 25964 --- [Thread-12] com.zaxxer.hikari.HikariDataSource       : HikariPool-3 - Shutdown completed.
2025-09-30T06:44:54.661+05:30  INFO 25964 --- [restartedMain] com.spring.restapi.RestApiApplication    : Starting REST API Application...
2025-09-30T06:44:54.691+05:30  INFO 25964 --- [restartedMain] com.spring.restapi.RestApiApplication    : Starting RestApiApplication using Java 17.0.4 with PID 25964 (C:\Springdevtools\RESTAPIs\RestAPI\target\classes started by 91992 in C:\Springdevtools\RESTAPIs\RestAPI)
2025-09-30T06:44:54.691+05:30 DEBUG 25964 --- [restartedMain] com.spring.restapi.RestApiApplication    : Running with Spring Boot v3.5.6, Spring v6.2.11
2025-09-30T06:44:54.691+05:30  INFO 25964 --- [restartedMain] com.spring.restapi.RestApiApplication    : No active profile set, falling back to 1 default profile: "default"
2025-09-30T06:44:55.043+05:30  INFO 25964 --- [restartedMain] o.apache.catalina.core.StandardService   : Starting service [Tomcat]
2025-09-30T06:44:55.043+05:30  INFO 25964 --- [restartedMain] o.apache.catalina.core.StandardEngine    : Starting Servlet engine: [Apache Tomcat/10.1.46]
2025-09-30T06:44:55.079+05:30  INFO 25964 --- [restartedMain] o.a.c.c.C.[Tomcat].[localhost].[/]       : Initializing Spring embedded WebApplicationContext
2025-09-30T06:44:55.120+05:30  INFO 25964 --- [restartedMain] com.zaxxer.hikari.HikariDataSource       : HikariPool-4 - Starting...
2025-09-30T06:44:55.123+05:30  INFO 25964 --- [restartedMain] com.zaxxer.hikari.pool.HikariPool        : HikariPool-4 - Added connection conn30: url=jdbc:h2:mem:testdb user=SA
2025-09-30T06:44:55.123+05:30  INFO 25964 --- [restartedMain] com.zaxxer.hikari.HikariDataSource       : HikariPool-4 - Start completed.
2025-09-30T06:44:55.123+05:30  WARN 25964 --- [restartedMain] org.hibernate.orm.deprecation            : HHH90000025: H2Dialect does not need to be specified explicitly using 'hibernate.dialect' (remove the property setting and it will be selected by default)
2025-09-30T06:44:55.174+05:30 DEBUG 25964 --- [restartedMain] org.hibernate.SQL                        : 
    drop table if exists dataanotations cascade 
2025-09-30T06:44:55.175+05:30 DEBUG 25964 --- [restartedMain] org.hibernate.SQL                        : 
    drop table if exists employees cascade 
2025-09-30T06:44:55.175+05:30 DEBUG 25964 --- [restartedMain] org.hibernate.SQL                        : 
    create table dataanotations (
        id integer not null,
        salary float(53) not null,
        dept varchar(255),
        gender varchar(255),
        name varchar(255),
        primary key (id)
    )
2025-09-30T06:44:55.176+05:30 DEBUG 25964 --- [restartedMain] org.hibernate.SQL                        : 
    create table employees (
        bonus float(53) check (bonus>=0),
        pf float(53) check (pf>=0),
        salary float(53) not null check (salary>=0),
        tax float(53) check (tax>=0),
        id bigint generated by default as identity,
        department varchar(255) not null,
        gender varchar(255) not null,
        name varchar(255) not null,
        primary key (id)
    )
2025-09-30T06:44:55.246+05:30  WARN 25964 --- [restartedMain] JpaBaseConfiguration$JpaWebConfiguration : spring.jpa.open-in-view is enabled by default. Therefore, database queries may be performed during view rendering. Explicitly configure spring.jpa.open-in-view to disable this warning
2025-09-30T06:44:55.360+05:30  INFO 25964 --- [restartedMain] com.spring.restapi.RestApiApplication    : Started RestApiApplication in 0.695 seconds (process running for 580.965)
2025-09-30T06:44:55.362+05:30  INFO 25964 --- [restartedMain] com.spring.restapi.RestApiApplication    : REST API Application started successfully!
2025-09-30T06:47:13.889+05:30 DEBUG 25964 --- [Thread-16] org.hibernate.SQL                        : 
    drop table if exists dataanotations cascade 
2025-09-30T06:47:13.891+05:30 DEBUG 25964 --- [Thread-16] org.hibernate.SQL                        : 
    drop table if exists employees cascade 
2025-09-30T06:47:13.893+05:30  WARN 25964 --- [Thread-16] o.s.b.f.support.DisposableBeanAdapter    : Invocation of destroy method failed on bean with name 'inMemoryDatabaseShutdownExecutor': org.h2.jdbc.JdbcSQLNonTransientConnectionException: Database is already closed (to disable automatic closing at VM shutdown, add ";DB_CLOSE_ON_EXIT=FALSE" to the db URL) [90121-232]
2025-09-30T06:47:13.893+05:30  INFO 25964 --- [Thread-16] com.zaxxer.hikari.HikariDataSource       : HikariPool-4 - Shutdown initiated...
2025-09-30T06:47:13.894+05:30  INFO 25964 --- [Thread-16] com.zaxxer.hikari.HikariDataSource       : HikariPool-4 - Shutdown completed.
2025-09-30T06:47:13.933+05:30  INFO 25964 --- [restartedMain] com.spring.restapi.RestApiApplication    : Starting REST API Application...
2025-09-30T06:47:13.966+05:30  INFO 25964 --- [restartedMain] com.spring.restapi.RestApiApplication    : Starting RestApiApplication using Java 17.0.4 with PID 25964 (C:\Springdevtools\RESTAPIs\RestAPI\target\classes started by 91992 in C:\Springdevtools\RESTAPIs\RestAPI)
2025-09-30T06:47:13.968+05:30 DEBUG 25964 --- [restartedMain] com.spring.restapi.RestApiApplication    : Running with Spring Boot v3.5.6, Spring v6.2.11
2025-09-30T06:47:13.968+05:30  INFO 25964 --- [restartedMain] com.spring.restapi.RestApiApplication    : No active profile set, falling back to 1 default profile: "default"
2025-09-30T06:47:14.287+05:30  INFO 25964 --- [restartedMain] o.apache.catalina.core.StandardService   : Starting service [Tomcat]
2025-09-30T06:47:14.287+05:30  INFO 25964 --- [restartedMain] o.apache.catalina.core.StandardEngine    : Starting Servlet engine: [Apache Tomcat/10.1.46]
2025-09-30T06:47:14.314+05:30  INFO 25964 --- [restartedMain] o.a.c.c.C.[Tomcat].[localhost].[/]       : Initializing Spring embedded WebApplicationContext
2025-09-30T06:47:14.355+05:30  INFO 25964 --- [restartedMain] com.zaxxer.hikari.HikariDataSource       : HikariPool-5 - Starting...
2025-09-30T06:47:14.357+05:30  INFO 25964 --- [restartedMain] com.zaxxer.hikari.pool.HikariPool        : HikariPool-5 - Added connection conn40: url=jdbc:h2:mem:testdb user=SA
2025-09-30T06:47:14.357+05:30  INFO 25964 --- [restartedMain] com.zaxxer.hikari.HikariDataSource       : HikariPool-5 - Start completed.
2025-09-30T06:47:14.358+05:30  WARN 25964 --- [restartedMain] org.hibernate.orm.deprecation            : HHH90000025: H2Dialect does not need to be specified explicitly using 'hibernate.dialect' (remove the property setting and it will be selected by default)
2025-09-30T06:47:14.409+05:30 DEBUG 25964 --- [restartedMain] org.hibernate.SQL                        : 
    drop table if exists dataanotations cascade 
2025-09-30T06:47:14.409+05:30 DEBUG 25964 --- [restartedMain] org.hibernate.SQL                        : 
    drop table if exists employees cascade 
2025-09-30T06:47:14.410+05:30 DEBUG 25964 --- [restartedMain] org.hibernate.SQL                        : 
    create table dataanotations (
        id integer not null,
        salary float(53) not null,
        dept varchar(255),
        gender varchar(255),
        name varchar(255),
        primary key (id)
    )
2025-09-30T06:47:14.411+05:30 DEBUG 25964 --- [restartedMain] org.hibernate.SQL                        : 
    create table employees (
        bonus float(53) check (bonus>=0),
        pf float(53) check (pf>=0),
        salary float(53) not null check (salary>=0),
        tax float(53) check (tax>=0),
        id bigint generated by default as identity,
        department varchar(255) not null,
        gender varchar(255) not null,
        name varchar(255) not null,
        primary key (id)
    )
2025-09-30T06:47:14.479+05:30  WARN 25964 --- [restartedMain] JpaBaseConfiguration$JpaWebConfiguration : spring.jpa.open-in-view is enabled by default. Therefore, database queries may be performed during view rendering. Explicitly configure spring.jpa.open-in-view to disable this warning
2025-09-30T06:47:14.595+05:30  INFO 25964 --- [restartedMain] com.spring.restapi.RestApiApplication    : Started RestApiApplication in 0.657 seconds (process running for 720.2)
2025-09-30T06:47:14.596+05:30  INFO 25964 --- [restartedMain] com.spring.restapi.RestApiApplication    : REST API Application started successfully!
2025-09-30T06:47:47.730+05:30 DEBUG 25964 --- [RMI TCP Connection(22)-127.0.0.1] org.hibernate.SQL                        : 
    drop table if exists dataanotations cascade 
2025-09-30T06:47:47.730+05:30 DEBUG 25964 --- [RMI TCP Connection(22)-127.0.0.1] org.hibernate.SQL                        : 
    drop table if exists employees cascade 
2025-09-30T06:47:47.731+05:30  WARN 25964 --- [RMI TCP Connection(22)-127.0.0.1] o.s.b.f.support.DisposableBeanAdapter    : Invocation of destroy method failed on bean with name 'inMemoryDatabaseShutdownExecutor': org.h2.jdbc.JdbcSQLNonTransientConnectionException: Database is already closed (to disable automatic closing at VM shutdown, add ";DB_CLOSE_ON_EXIT=FALSE" to the db URL) [90121-232]
2025-09-30T06:47:47.732+05:30  INFO 25964 --- [RMI TCP Connection(22)-127.0.0.1] com.zaxxer.hikari.HikariDataSource       : HikariPool-5 - Shutdown initiated...
2025-09-30T06:47:47.732+05:30  INFO 25964 --- [RMI TCP Connection(22)-127.0.0.1] com.zaxxer.hikari.HikariDataSource       : HikariPool-5 - Shutdown completed.
2025-09-30T06:47:50.166+05:30  INFO 14120 --- [restartedMain] com.spring.restapi.RestApiApplication    : Starting RestApiApplication using Java 17.0.4 with PID 14120 (C:\Springdevtools\RESTAPIs\RestAPI\target\classes started by 91992 in C:\Springdevtools\RESTAPIs\RestAPI)
2025-09-30T06:47:50.167+05:30 DEBUG 14120 --- [restartedMain] com.spring.restapi.RestApiApplication    : Running with Spring Boot v3.5.6, Spring v6.2.11
2025-09-30T06:47:50.168+05:30  INFO 14120 --- [restartedMain] com.spring.restapi.RestApiApplication    : No active profile set, falling back to 1 default profile: "default"
2025-09-30T06:47:51.667+05:30  INFO 14120 --- [restartedMain] o.apache.catalina.core.StandardService   : Starting service [Tomcat]
2025-09-30T06:47:51.667+05:30  INFO 14120 --- [restartedMain] o.apache.catalina.core.StandardEngine    : Starting Servlet engine: [Apache Tomcat/10.1.46]
2025-09-30T06:47:51.734+05:30  INFO 14120 --- [restartedMain] o.a.c.c.C.[Tomcat].[localhost].[/]       : Initializing Spring embedded WebApplicationContext
2025-09-30T06:47:52.285+05:30  INFO 14120 --- [restartedMain] com.zaxxer.hikari.HikariDataSource       : HikariPool-1 - Starting...
2025-09-30T06:47:52.466+05:30  INFO 14120 --- [restartedMain] com.zaxxer.hikari.pool.HikariPool        : HikariPool-1 - Added connection conn0: url=jdbc:h2:mem:testdb user=SA
2025-09-30T06:47:52.468+05:30  INFO 14120 --- [restartedMain] com.zaxxer.hikari.HikariDataSource       : HikariPool-1 - Start completed.
2025-09-30T06:47:52.493+05:30  WARN 14120 --- [restartedMain] org.hibernate.orm.deprecation            : HHH90000025: H2Dialect does not need to be specified explicitly using 'hibernate.dialect' (remove the property setting and it will be selected by default)
2025-09-30T06:47:53.385+05:30 DEBUG 14120 --- [restartedMain] org.hibernate.SQL                        : 
    drop table if exists dataanotations cascade 
2025-09-30T06:47:53.389+05:30 DEBUG 14120 --- [restartedMain] org.hibernate.SQL                        : 
    drop table if exists employees cascade 
2025-09-30T06:47:53.393+05:30 DEBUG 14120 --- [restartedMain] org.hibernate.SQL                        : 
    create table dataanotations (
        id integer not null,
        salary float(53) not null,
        dept varchar(255),
        gender varchar(255),
        name varchar(255),
        primary key (id)
    )
2025-09-30T06:47:53.399+05:30 DEBUG 14120 --- [restartedMain] org.hibernate.SQL                        : 
    create table employees (
        bonus float(53) check (bonus>=0),
        pf float(53) check (pf>=0),
        salary float(53) not null check (salary>=0),
        tax float(53) check (tax>=0),
        id bigint generated by default as identity,
        department varchar(255) not null,
        gender varchar(255) not null,
        name varchar(255) not null,
        primary key (id)
    )
2025-09-30T06:47:53.858+05:30  WARN 14120 --- [restartedMain] JpaBaseConfiguration$JpaWebConfiguration : spring.jpa.open-in-view is enabled by default. Therefore, database queries may be performed during view rendering. Explicitly configure spring.jpa.open-in-view to disable this warning
2025-09-30T06:47:54.360+05:30  INFO 14120 --- [restartedMain] com.spring.restapi.RestApiApplication    : Started RestApiApplication in 4.652 seconds (process running for 5.345)
2025-09-30T06:47:54.365+05:30  INFO 14120 --- [restartedMain] com.spring.restapi.RestApiApplication    : REST API Application started successfully!
2025-09-30T06:48:03.651+05:30  INFO 14120 --- [http-nio-8082-exec-2] o.a.c.c.C.[Tomcat].[localhost].[/]       : Initializing Spring DispatcherServlet 'dispatcherServlet'
2025-09-30T06:48:03.779+05:30  INFO 14120 --- [http-nio-8082-exec-2] c.s.r.controller.EmployeeController      : CREATE EMPLOYEE REQUEST - Name: string, Department: string, Gender: string, Salary: 0.1
2025-09-30T06:48:03.788+05:30  INFO 14120 --- [http-nio-8082-exec-2] c.s.restapi.service.EmployeeService      : SAVING EMPLOYEE - Name: string, Department: string, Gender: string, Salary: 0.1
2025-09-30T06:48:03.789+05:30 DEBUG 14120 --- [http-nio-8082-exec-2] c.s.restapi.service.EmployeeService      : CALCULATING DEDUCTIONS - Employee: string (ID: null)
2025-09-30T06:48:03.789+05:30 DEBUG 14120 --- [http-nio-8082-exec-2] c.s.restapi.service.EmployeeService      : DEDUCTIONS CALCULATED - Employee: string, Bonus: 0.010000000000000002, PF: 0.012, Tax: 0.0, Net Salary: 0.09800000000000002
2025-09-30T06:48:03.824+05:30 DEBUG 14120 --- [http-nio-8082-exec-2] org.hibernate.SQL                        : 
    insert 
    into
        employees
        (bonus, department, gender, name, pf, salary, tax, id) 
    values
        (?, ?, ?, ?, ?, ?, ?, default)
2025-09-30T06:48:03.894+05:30  INFO 14120 --- [http-nio-8082-exec-2] c.s.restapi.service.EmployeeService      : EMPLOYEE SAVED SUCCESSFULLY - ID: 1, Name: string, Department: string, Gender: string, Salary: 0.1, Bonus: 0.010000000000000002, PF: 0.012, Tax: 0.0
2025-09-30T06:48:03.896+05:30  INFO 14120 --- [http-nio-8082-exec-2] c.s.r.controller.EmployeeController      : EMPLOYEE CREATED - ID: 1, Name: string, Department: string, Gender: string, Salary: 0.1
2025-09-30T06:48:44.554+05:30  INFO 14120 --- [http-nio-8082-exec-1] c.s.r.controller.EmployeeController      : CREATE EMPLOYEE REQUEST - Name: Vinit Sahare, Department: IT, Gender: male, Salary: 50000.0
2025-09-30T06:48:44.554+05:30  INFO 14120 --- [http-nio-8082-exec-1] c.s.restapi.service.EmployeeService      : SAVING EMPLOYEE - Name: Vinit Sahare, Department: IT, Gender: male, Salary: 50000.0
2025-09-30T06:48:44.554+05:30 DEBUG 14120 --- [http-nio-8082-exec-1] c.s.restapi.service.EmployeeService      : CALCULATING DEDUCTIONS - Employee: Vinit Sahare (ID: null)
2025-09-30T06:48:44.554+05:30 DEBUG 14120 --- [http-nio-8082-exec-1] c.s.restapi.service.EmployeeService      : DEDUCTIONS CALCULATED - Employee: Vinit Sahare, Bonus: 5000.0, PF: 6000.0, Tax: 0.0, Net Salary: 49000.0
2025-09-30T06:48:44.556+05:30 DEBUG 14120 --- [http-nio-8082-exec-1] org.hibernate.SQL                        : 
    insert 
    into
        employees
        (bonus, department, gender, name, pf, salary, tax, id) 
    values
        (?, ?, ?, ?, ?, ?, ?, default)
2025-09-30T06:48:44.558+05:30  INFO 14120 --- [http-nio-8082-exec-1] c.s.restapi.service.EmployeeService      : EMPLOYEE SAVED SUCCESSFULLY - ID: 2, Name: Vinit Sahare, Department: IT, Gender: male, Salary: 50000.0, Bonus: 5000.0, PF: 6000.0, Tax: 0.0
2025-09-30T06:48:44.559+05:30  INFO 14120 --- [http-nio-8082-exec-1] c.s.r.controller.EmployeeController      : EMPLOYEE CREATED - ID: 2, Name: Vinit Sahare, Department: IT, Gender: male, Salary: 50000.0
2025-09-30T06:50:58.062+05:30 DEBUG 14120 --- [Thread-5] org.hibernate.SQL                        : 
    drop table if exists dataanotations cascade 
2025-09-30T06:50:58.062+05:30 DEBUG 14120 --- [Thread-5] org.hibernate.SQL                        : 
    drop table if exists employees cascade 
2025-09-30T06:50:58.076+05:30  WARN 14120 --- [Thread-5] o.s.b.f.support.DisposableBeanAdapter    : Invocation of destroy method failed on bean with name 'inMemoryDatabaseShutdownExecutor': org.h2.jdbc.JdbcSQLNonTransientConnectionException: Database is already closed (to disable automatic closing at VM shutdown, add ";DB_CLOSE_ON_EXIT=FALSE" to the db URL) [90121-232]
2025-09-30T06:50:58.077+05:30  INFO 14120 --- [Thread-5] com.zaxxer.hikari.HikariDataSource       : HikariPool-1 - Shutdown initiated...
2025-09-30T06:50:58.077+05:30  INFO 14120 --- [Thread-5] com.zaxxer.hikari.HikariDataSource       : HikariPool-1 - Shutdown completed.
2025-09-30T06:50:58.122+05:30  INFO 14120 --- [restartedMain] com.spring.restapi.RestApiApplication    : Starting REST API Application...
