2025-10-09 18:17:02.354 [restartedMain] INFO  c.s.r.RestApiApplication - Starting RestApiApplication using Java 17.0.4 with PID 27188 (C:\INTERVIEW NOTES\RestAPI\target\classes started by 91992 in C:\INTERVIEW NOTES\RestAPI)
2025-10-09 18:17:02.363 [restartedMain] DEBUG c.s.r.RestApiApplication - Running with Spring Boot v3.5.6, Spring v6.2.11
2025-10-09 18:17:02.365 [restartedMain] INFO  c.s.r.RestApiApplication - No active profile set, falling back to 1 default profile: "default"
2025-10-09 18:17:04.018 [restartedMain] WARN  i.u.websockets.jsr - UT026010: Buffer pool was not set on WebSocketDeploymentInfo, the default pool will be used
2025-10-09 18:17:04.050 [restartedMain] INFO  io.undertow.servlet - Initializing Spring embedded WebApplicationContext
2025-10-09 18:17:04.783 [restartedMain] INFO  c.z.h.HikariDataSource - HikariPool-1 - Starting...
2025-10-09 18:17:05.029 [restartedMain] INFO  c.z.h.p.HikariPool - HikariPool-1 - Added connection conn0: url=jdbc:h2:mem:testdb user=SA
2025-10-09 18:17:05.031 [restartedMain] INFO  c.z.h.HikariDataSource - HikariPool-1 - Start completed.
2025-10-09 18:17:05.067 [restartedMain] WARN  o.h.orm.deprecation - HHH90000025: H2Dialect does not need to be specified explicitly using 'hibernate.dialect' (remove the property setting and it will be selected by default)
2025-10-09 18:17:06.099 [restartedMain] DEBUG org.hibernate.SQL - 
    drop table if exists dataanotations cascade 
2025-10-09 18:17:06.104 [restartedMain] DEBUG org.hibernate.SQL - 
    drop table if exists employees cascade 
2025-10-09 18:17:06.110 [restartedMain] DEBUG org.hibernate.SQL - 
    create table dataanotations (
        id integer not null,
        salary float(53) not null,
        dept varchar(255),
        gender varchar(255),
        name varchar(255),
        primary key (id)
    )
2025-10-09 18:17:06.117 [restartedMain] DEBUG org.hibernate.SQL - 
    create table employees (
        bonus float(53) check (bonus>=0),
        pf float(53) check (pf>=0),
        salary float(53) not null check (salary>=0),
        tax float(53) check (tax>=0),
        id bigint generated by default as identity,
        department varchar(255) not null,
        gender varchar(255) not null,
        name varchar(255) not null,
        primary key (id)
    )
2025-10-09 18:17:06.452 [restartedMain] WARN  o.s.b.w.s.c.AnnotationConfigServletWebServerApplicationContext - Exception encountered during context initialization - cancelling refresh attempt: org.springframework.beans.factory.UnsatisfiedDependencyException: Error creating bean with name 'employeeController': Unsatisfied dependency expressed through field 'employeeService': Error creating bean with name 'employeeService': Unsatisfied dependency expressed through field 'employeeRepository': Error creating bean with name 'employeeRepository' defined in com.spring.restapi.repository.EmployeeRepository defined in @EnableJpaRepositories declared on JpaRepositoriesRegistrar.EnableJpaRepositoriesConfiguration: Could not create query for public abstract java.util.Optional com.spring.restapi.repository.EmployeeRepository.findByEmail(java.lang.String); Reason: Failed to create query for method public abstract java.util.Optional com.spring.restapi.repository.EmployeeRepository.findByEmail(java.lang.String); No property 'email' found for type 'Employee'
2025-10-09 18:17:06.453 [restartedMain] DEBUG org.hibernate.SQL - 
    drop table if exists dataanotations cascade 
2025-10-09 18:17:06.456 [restartedMain] DEBUG org.hibernate.SQL - 
    drop table if exists employees cascade 
2025-10-09 18:17:06.465 [restartedMain] WARN  o.s.b.f.s.DisposableBeanAdapter - Invocation of destroy method failed on bean with name 'inMemoryDatabaseShutdownExecutor': org.h2.jdbc.JdbcSQLNonTransientConnectionException: Database is already closed (to disable automatic closing at VM shutdown, add ";DB_CLOSE_ON_EXIT=FALSE" to the db URL) [90121-232]
2025-10-09 18:17:06.466 [restartedMain] INFO  c.z.h.HikariDataSource - HikariPool-1 - Shutdown initiated...
2025-10-09 18:17:06.469 [restartedMain] INFO  c.z.h.HikariDataSource - HikariPool-1 - Shutdown completed.
2025-10-09 18:17:06.516 [restartedMain] ERROR o.s.b.SpringApplication - Application run failed
org.springframework.beans.factory.UnsatisfiedDependencyException: Error creating bean with name 'employeeController': Unsatisfied dependency expressed through field 'employeeService': Error creating bean with name 'employeeService': Unsatisfied dependency expressed through field 'employeeRepository': Error creating bean with name 'employeeRepository' defined in com.spring.restapi.repository.EmployeeRepository defined in @EnableJpaRepositories declared on JpaRepositoriesRegistrar.EnableJpaRepositoriesConfiguration: Could not create query for public abstract java.util.Optional com.spring.restapi.repository.EmployeeRepository.findByEmail(java.lang.String); Reason: Failed to create query for method public abstract java.util.Optional com.spring.restapi.repository.EmployeeRepository.findByEmail(java.lang.String); No property 'email' found for type 'Employee'
	at org.springframework.beans.factory.annotation.AutowiredAnnotationBeanPostProcessor$AutowiredFieldElement.resolveFieldValue(AutowiredAnnotationBeanPostProcessor.java:788)
	at org.springframework.beans.factory.annotation.AutowiredAnnotationBeanPostProcessor$AutowiredFieldElement.inject(AutowiredAnnotationBeanPostProcessor.java:768)
	at org.springframework.beans.factory.annotation.InjectionMetadata.inject(InjectionMetadata.java:146)
	at org.springframework.beans.factory.annotation.AutowiredAnnotationBeanPostProcessor.postProcessProperties(AutowiredAnnotationBeanPostProcessor.java:509)
	at org.springframework.beans.factory.support.AbstractAutowireCapableBeanFactory.populateBean(AbstractAutowireCapableBeanFactory.java:1459)
	at org.springframework.beans.factory.support.AbstractAutowireCapableBeanFactory.doCreateBean(AbstractAutowireCapableBeanFactory.java:606)
	at org.springframework.beans.factory.support.AbstractAutowireCapableBeanFactory.createBean(AbstractAutowireCapableBeanFactory.java:529)
	at org.springframework.beans.factory.support.AbstractBeanFactory.lambda$doGetBean$0(AbstractBeanFactory.java:339)
	at org.springframework.beans.factory.support.DefaultSingletonBeanRegistry.getSingleton(DefaultSingletonBeanRegistry.java:373)
	at org.springframework.beans.factory.support.AbstractBeanFactory.doGetBean(AbstractBeanFactory.java:337)
	at org.springframework.beans.factory.support.AbstractBeanFactory.getBean(AbstractBeanFactory.java:202)
	at org.springframework.beans.factory.support.DefaultListableBeanFactory.instantiateSingleton(DefaultListableBeanFactory.java:1221)
	at org.springframework.beans.factory.support.DefaultListableBeanFactory.preInstantiateSingleton(DefaultListableBeanFactory.java:1187)
	at org.springframework.beans.factory.support.DefaultListableBeanFactory.preInstantiateSingletons(DefaultListableBeanFactory.java:1123)
	at org.springframework.context.support.AbstractApplicationContext.finishBeanFactoryInitialization(AbstractApplicationContext.java:987)
	at org.springframework.context.support.AbstractApplicationContext.refresh(AbstractApplicationContext.java:627)
	at org.springframework.boot.web.servlet.context.ServletWebServerApplicationContext.refresh(ServletWebServerApplicationContext.java:146)
	at org.springframework.boot.SpringApplication.refresh(SpringApplication.java:752)
	at org.springframework.boot.SpringApplication.refreshContext(SpringApplication.java:439)
	at org.springframework.boot.SpringApplication.run(SpringApplication.java:318)
	at org.springframework.boot.SpringApplication.run(SpringApplication.java:1361)
	at org.springframework.boot.SpringApplication.run(SpringApplication.java:1350)
	at com.spring.restapi.RestApiApplication.main(RestApiApplication.java:15)
	at java.base/jdk.internal.reflect.NativeMethodAccessorImpl.invoke0(Native Method)
	at java.base/jdk.internal.reflect.NativeMethodAccessorImpl.invoke(NativeMethodAccessorImpl.java:77)
	at java.base/jdk.internal.reflect.DelegatingMethodAccessorImpl.invoke(DelegatingMethodAccessorImpl.java:43)
	at java.base/java.lang.reflect.Method.invoke(Method.java:568)
	at org.springframework.boot.devtools.restart.RestartLauncher.run(RestartLauncher.java:50)
Caused by: org.springframework.beans.factory.UnsatisfiedDependencyException: Error creating bean with name 'employeeService': Unsatisfied dependency expressed through field 'employeeRepository': Error creating bean with name 'employeeRepository' defined in com.spring.restapi.repository.EmployeeRepository defined in @EnableJpaRepositories declared on JpaRepositoriesRegistrar.EnableJpaRepositoriesConfiguration: Could not create query for public abstract java.util.Optional com.spring.restapi.repository.EmployeeRepository.findByEmail(java.lang.String); Reason: Failed to create query for method public abstract java.util.Optional com.spring.restapi.repository.EmployeeRepository.findByEmail(java.lang.String); No property 'email' found for type 'Employee'
	at org.springframework.beans.factory.annotation.AutowiredAnnotationBeanPostProcessor$AutowiredFieldElement.resolveFieldValue(AutowiredAnnotationBeanPostProcessor.java:788)
	at org.springframework.beans.factory.annotation.AutowiredAnnotationBeanPostProcessor$AutowiredFieldElement.inject(AutowiredAnnotationBeanPostProcessor.java:768)
	at org.springframework.beans.factory.annotation.InjectionMetadata.inject(InjectionMetadata.java:146)
	at org.springframework.beans.factory.annotation.AutowiredAnnotationBeanPostProcessor.postProcessProperties(AutowiredAnnotationBeanPostProcessor.java:509)
	at org.springframework.beans.factory.support.AbstractAutowireCapableBeanFactory.populateBean(AbstractAutowireCapableBeanFactory.java:1459)
	at org.springframework.beans.factory.support.AbstractAutowireCapableBeanFactory.doCreateBean(AbstractAutowireCapableBeanFactory.java:606)
	at org.springframework.beans.factory.support.AbstractAutowireCapableBeanFactory.createBean(AbstractAutowireCapableBeanFactory.java:529)
	at org.springframework.beans.factory.support.AbstractBeanFactory.lambda$doGetBean$0(AbstractBeanFactory.java:339)
	at org.springframework.beans.factory.support.DefaultSingletonBeanRegistry.getSingleton(DefaultSingletonBeanRegistry.java:373)
	at org.springframework.beans.factory.support.AbstractBeanFactory.doGetBean(AbstractBeanFactory.java:337)
	at org.springframework.beans.factory.support.AbstractBeanFactory.getBean(AbstractBeanFactory.java:202)
	at org.springframework.beans.factory.support.DefaultListableBeanFactory.doResolveDependency(DefaultListableBeanFactory.java:1698)
	at org.springframework.beans.factory.support.DefaultListableBeanFactory.resolveDependency(DefaultListableBeanFactory.java:1643)
	at org.springframework.beans.factory.annotation.AutowiredAnnotationBeanPostProcessor$AutowiredFieldElement.resolveFieldValue(AutowiredAnnotationBeanPostProcessor.java:785)
	... 27 common frames omitted
Caused by: org.springframework.beans.factory.BeanCreationException: Error creating bean with name 'employeeRepository' defined in com.spring.restapi.repository.EmployeeRepository defined in @EnableJpaRepositories declared on JpaRepositoriesRegistrar.EnableJpaRepositoriesConfiguration: Could not create query for public abstract java.util.Optional com.spring.restapi.repository.EmployeeRepository.findByEmail(java.lang.String); Reason: Failed to create query for method public abstract java.util.Optional com.spring.restapi.repository.EmployeeRepository.findByEmail(java.lang.String); No property 'email' found for type 'Employee'
	at org.springframework.beans.factory.support.AbstractAutowireCapableBeanFactory.initializeBean(AbstractAutowireCapableBeanFactory.java:1826)
	at org.springframework.beans.factory.support.AbstractAutowireCapableBeanFactory.doCreateBean(AbstractAutowireCapableBeanFactory.java:607)
	at org.springframework.beans.factory.support.AbstractAutowireCapableBeanFactory.createBean(AbstractAutowireCapableBeanFactory.java:529)
	at org.springframework.beans.factory.support.AbstractBeanFactory.lambda$doGetBean$0(AbstractBeanFactory.java:339)
	at org.springframework.beans.factory.support.DefaultSingletonBeanRegistry.getSingleton(DefaultSingletonBeanRegistry.java:373)
	at org.springframework.beans.factory.support.AbstractBeanFactory.doGetBean(AbstractBeanFactory.java:337)
	at org.springframework.beans.factory.support.AbstractBeanFactory.getBean(AbstractBeanFactory.java:202)
	at org.springframework.beans.factory.support.DefaultListableBeanFactory.doResolveDependency(DefaultListableBeanFactory.java:1698)
	at org.springframework.beans.factory.support.DefaultListableBeanFactory.resolveDependency(DefaultListableBeanFactory.java:1643)
	at org.springframework.beans.factory.annotation.AutowiredAnnotationBeanPostProcessor$AutowiredFieldElement.resolveFieldValue(AutowiredAnnotationBeanPostProcessor.java:785)
	... 40 common frames omitted
Caused by: org.springframework.data.repository.query.QueryCreationException: Could not create query for public abstract java.util.Optional com.spring.restapi.repository.EmployeeRepository.findByEmail(java.lang.String); Reason: Failed to create query for method public abstract java.util.Optional com.spring.restapi.repository.EmployeeRepository.findByEmail(java.lang.String); No property 'email' found for type 'Employee'
	at org.springframework.data.repository.query.QueryCreationException.create(QueryCreationException.java:101)
	at org.springframework.data.repository.core.support.QueryExecutorMethodInterceptor.lookupQuery(QueryExecutorMethodInterceptor.java:120)
	at org.springframework.data.repository.core.support.QueryExecutorMethodInterceptor.mapMethodsToQuery(QueryExecutorMethodInterceptor.java:104)
	at org.springframework.data.repository.core.support.QueryExecutorMethodInterceptor.lambda$new$0(QueryExecutorMethodInterceptor.java:92)
	at java.base/java.util.Optional.map(Optional.java:260)
	at org.springframework.data.repository.core.support.QueryExecutorMethodInterceptor.<init>(QueryExecutorMethodInterceptor.java:92)
	at org.springframework.data.repository.core.support.RepositoryFactorySupport.getRepository(RepositoryFactorySupport.java:434)
	at org.springframework.data.repository.core.support.RepositoryFactoryBeanSupport.lambda$afterPropertiesSet$4(RepositoryFactoryBeanSupport.java:350)
	at org.springframework.data.util.Lazy.getNullable(Lazy.java:135)
	at org.springframework.data.util.Lazy.get(Lazy.java:113)
	at org.springframework.data.repository.core.support.RepositoryFactoryBeanSupport.afterPropertiesSet(RepositoryFactoryBeanSupport.java:356)
	at org.springframework.data.jpa.repository.support.JpaRepositoryFactoryBean.afterPropertiesSet(JpaRepositoryFactoryBean.java:132)
	at org.springframework.beans.factory.support.AbstractAutowireCapableBeanFactory.invokeInitMethods(AbstractAutowireCapableBeanFactory.java:1873)
	at org.springframework.beans.factory.support.AbstractAutowireCapableBeanFactory.initializeBean(AbstractAutowireCapableBeanFactory.java:1822)
	... 49 common frames omitted
Caused by: java.lang.IllegalArgumentException: Failed to create query for method public abstract java.util.Optional com.spring.restapi.repository.EmployeeRepository.findByEmail(java.lang.String); No property 'email' found for type 'Employee'
	at org.springframework.data.jpa.repository.query.PartTreeJpaQuery.<init>(PartTreeJpaQuery.java:107)
	at org.springframework.data.jpa.repository.query.JpaQueryLookupStrategy$CreateQueryLookupStrategy.resolveQuery(JpaQueryLookupStrategy.java:128)
	at org.springframework.data.jpa.repository.query.JpaQueryLookupStrategy$CreateIfNotFoundQueryLookupStrategy.resolveQuery(JpaQueryLookupStrategy.java:260)
	at org.springframework.data.jpa.repository.query.JpaQueryLookupStrategy$AbstractQueryLookupStrategy.resolveQuery(JpaQueryLookupStrategy.java:99)
	at org.springframework.data.repository.core.support.QueryExecutorMethodInterceptor.lookupQuery(QueryExecutorMethodInterceptor.java:116)
	... 61 common frames omitted
Caused by: org.springframework.data.mapping.PropertyReferenceException: No property 'email' found for type 'Employee'
	at org.springframework.data.mapping.PropertyPath.<init>(PropertyPath.java:94)
	at org.springframework.data.mapping.PropertyPath.create(PropertyPath.java:455)
	at org.springframework.data.mapping.PropertyPath.create(PropertyPath.java:431)
	at org.springframework.data.mapping.PropertyPath.lambda$from$0(PropertyPath.java:384)
	at java.base/java.util.concurrent.ConcurrentMap.computeIfAbsent(ConcurrentMap.java:330)
	at org.springframework.data.mapping.PropertyPath.from(PropertyPath.java:366)
	at org.springframework.data.mapping.PropertyPath.from(PropertyPath.java:344)
	at org.springframework.data.repository.query.parser.Part.<init>(Part.java:81)
	at org.springframework.data.repository.query.parser.PartTree$OrPart.lambda$new$0(PartTree.java:259)
	at java.base/java.util.stream.ReferencePipeline$3$1.accept(ReferencePipeline.java:197)
	at java.base/java.util.stream.ReferencePipeline$2$1.accept(ReferencePipeline.java:179)
	at java.base/java.util.Spliterators$ArraySpliterator.forEachRemaining(Spliterators.java:992)
	at java.base/java.util.stream.AbstractPipeline.copyInto(AbstractPipeline.java:509)
	at java.base/java.util.stream.AbstractPipeline.wrapAndCopyInto(AbstractPipeline.java:499)
	at java.base/java.util.stream.ReduceOps$ReduceOp.evaluateSequential(ReduceOps.java:921)
	at java.base/java.util.stream.AbstractPipeline.evaluate(AbstractPipeline.java:234)
	at java.base/java.util.stream.ReferencePipeline.collect(ReferencePipeline.java:682)
	at org.springframework.data.repository.query.parser.PartTree$OrPart.<init>(PartTree.java:260)
	at org.springframework.data.repository.query.parser.PartTree$Predicate.lambda$new$0(PartTree.java:389)
	at java.base/java.util.stream.ReferencePipeline$3$1.accept(ReferencePipeline.java:197)
	at java.base/java.util.stream.ReferencePipeline$2$1.accept(ReferencePipeline.java:179)
	at java.base/java.util.Spliterators$ArraySpliterator.forEachRemaining(Spliterators.java:992)
	at java.base/java.util.stream.AbstractPipeline.copyInto(AbstractPipeline.java:509)
	at java.base/java.util.stream.AbstractPipeline.wrapAndCopyInto(AbstractPipeline.java:499)
	at java.base/java.util.stream.ReduceOps$ReduceOp.evaluateSequential(ReduceOps.java:921)
	at java.base/java.util.stream.AbstractPipeline.evaluate(AbstractPipeline.java:234)
	at java.base/java.util.stream.ReferencePipeline.collect(ReferencePipeline.java:682)
	at org.springframework.data.repository.query.parser.PartTree$Predicate.<init>(PartTree.java:390)
	at org.springframework.data.repository.query.parser.PartTree.<init>(PartTree.java:103)
	at org.springframework.data.jpa.repository.query.PartTreeJpaQuery.<init>(PartTreeJpaQuery.java:101)
	... 65 common frames omitted
2025-10-09 18:17:51.708 [restartedMain] INFO  c.s.r.RestApiApplication - Starting RestApiApplication using Java 17.0.4 with PID 16880 (C:\INTERVIEW NOTES\RestAPI\target\classes started by 91992 in C:\INTERVIEW NOTES\RestAPI)
2025-10-09 18:17:51.710 [restartedMain] DEBUG c.s.r.RestApiApplication - Running with Spring Boot v3.5.6, Spring v6.2.11
2025-10-09 18:17:51.711 [restartedMain] INFO  c.s.r.RestApiApplication - No active profile set, falling back to 1 default profile: "default"
2025-10-09 18:17:53.105 [restartedMain] WARN  i.u.websockets.jsr - UT026010: Buffer pool was not set on WebSocketDeploymentInfo, the default pool will be used
2025-10-09 18:17:53.126 [restartedMain] INFO  io.undertow.servlet - Initializing Spring embedded WebApplicationContext
2025-10-09 18:17:53.660 [restartedMain] INFO  c.z.h.HikariDataSource - HikariPool-1 - Starting...
2025-10-09 18:17:53.838 [restartedMain] INFO  c.z.h.p.HikariPool - HikariPool-1 - Added connection conn0: url=jdbc:h2:mem:testdb user=SA
2025-10-09 18:17:53.840 [restartedMain] INFO  c.z.h.HikariDataSource - HikariPool-1 - Start completed.
2025-10-09 18:17:53.864 [restartedMain] WARN  o.h.orm.deprecation - HHH90000025: H2Dialect does not need to be specified explicitly using 'hibernate.dialect' (remove the property setting and it will be selected by default)
2025-10-09 18:17:54.689 [restartedMain] DEBUG org.hibernate.SQL - 
    drop table if exists employees cascade 
2025-10-09 18:17:54.698 [restartedMain] DEBUG org.hibernate.SQL - 
    create table employees (
        bonus float(53) check (bonus>=0),
        pf float(53) check (pf>=0),
        salary float(53) not null check (salary>=0),
        tax float(53) check (tax>=0),
        id bigint generated by default as identity,
        department varchar(255) not null,
        email varchar(255) not null unique,
        gender varchar(255) not null,
        name varchar(255) not null,
        primary key (id)
    )
2025-10-09 18:17:55.191 [restartedMain] WARN  o.s.b.a.o.j.JpaBaseConfiguration$JpaWebConfiguration - spring.jpa.open-in-view is enabled by default. Therefore, database queries may be performed during view rendering. Explicitly configure spring.jpa.open-in-view to disable this warning
2025-10-09 18:17:55.682 [restartedMain] INFO  io.undertow - starting server: Undertow - 2.3.19.Final
2025-10-09 18:17:55.692 [restartedMain] INFO  org.xnio - XNIO version 3.8.16.Final
2025-10-09 18:17:55.704 [restartedMain] INFO  org.xnio.nio - XNIO NIO Implementation Version 3.8.16.Final
2025-10-09 18:17:55.790 [restartedMain] INFO  org.jboss.threads - JBoss Threads version 3.7.0.Final
2025-10-09 18:17:55.887 [restartedMain] INFO  c.s.r.RestApiApplication - Started RestApiApplication in 4.628 seconds (process running for 5.314)
2025-10-09 18:17:55.891 [restartedMain] TRACE c.s.r.RestApiApplication - ðŸ” [TRACE] Application started in TRACE mode (if enabled).
2025-10-09 18:17:55.892 [restartedMain] DEBUG c.s.r.RestApiApplication - ðŸ› [DEBUG] Debugging startup sequence...
2025-10-09 18:17:55.892 [restartedMain] INFO  c.s.r.RestApiApplication - ðŸŽ‰ [INFO] REST API Application started successfully!
2025-10-09 18:17:55.892 [restartedMain] INFO  c.s.r.RestApiApplication - ðŸŒ Active Profiles: default
2025-10-09 18:17:55.892 [restartedMain] INFO  c.s.r.RestApiApplication - ðŸš€ Running on: http://localhost:8080
2025-10-09 18:17:55.892 [restartedMain] INFO  c.s.r.RestApiApplication - ðŸ“Š Swagger UI: http://localhost:8080/swagger-ui.html
2025-10-09 18:17:55.892 [restartedMain] INFO  c.s.r.RestApiApplication - ðŸ“š API Docs: http://localhost:8080/v3/api-docs
2025-10-09 18:17:55.892 [restartedMain] INFO  c.s.r.RestApiApplication - âœ… Health Check: http://localhost:8080/actuator/health
2025-10-09 18:17:55.892 [restartedMain] INFO  c.s.r.RestApiApplication - ðŸ“ˆ Metrics: http://localhost:8080/actuator/metrics
2025-10-09 18:17:55.892 [restartedMain] INFO  c.s.r.RestApiApplication - ðŸŒŸ Ready to handle requests!
2025-10-09 18:21:51.169 [Thread-5] INFO  io.undertow - stopping server: Undertow - 2.3.19.Final
2025-10-09 18:21:51.193 [Thread-5] DEBUG org.hibernate.SQL - 
    drop table if exists employees cascade 
2025-10-09 18:21:51.199 [Thread-5] WARN  o.s.b.f.s.DisposableBeanAdapter - Invocation of destroy method failed on bean with name 'inMemoryDatabaseShutdownExecutor': org.h2.jdbc.JdbcSQLNonTransientConnectionException: Database is already closed (to disable automatic closing at VM shutdown, add ";DB_CLOSE_ON_EXIT=FALSE" to the db URL) [90121-232]
2025-10-09 18:21:51.200 [Thread-5] INFO  c.z.h.HikariDataSource - HikariPool-1 - Shutdown initiated...
2025-10-09 18:21:51.201 [Thread-5] INFO  c.z.h.HikariDataSource - HikariPool-1 - Shutdown completed.
2025-10-09 18:21:51.278 [restartedMain] INFO  c.s.r.RestApiApplication - Starting RestApiApplication using Java 17.0.4 with PID 16880 (C:\INTERVIEW NOTES\RestAPI\target\classes started by 91992 in C:\INTERVIEW NOTES\RestAPI)
2025-10-09 18:21:51.279 [restartedMain] DEBUG c.s.r.RestApiApplication - Running with Spring Boot v3.5.6, Spring v6.2.11
2025-10-09 18:21:51.279 [restartedMain] INFO  c.s.r.RestApiApplication - No active profile set, falling back to 1 default profile: "default"
2025-10-09 18:21:51.727 [restartedMain] WARN  i.u.websockets.jsr - UT026010: Buffer pool was not set on WebSocketDeploymentInfo, the default pool will be used
2025-10-09 18:21:51.728 [restartedMain] INFO  io.undertow.servlet - Initializing Spring embedded WebApplicationContext
2025-10-09 18:21:51.780 [restartedMain] INFO  c.z.h.HikariDataSource - HikariPool-2 - Starting...
2025-10-09 18:21:51.782 [restartedMain] INFO  c.z.h.p.HikariPool - HikariPool-2 - Added connection conn10: url=jdbc:h2:mem:testdb user=SA
2025-10-09 18:21:51.784 [restartedMain] INFO  c.z.h.HikariDataSource - HikariPool-2 - Start completed.
2025-10-09 18:21:51.784 [restartedMain] WARN  o.h.orm.deprecation - HHH90000025: H2Dialect does not need to be specified explicitly using 'hibernate.dialect' (remove the property setting and it will be selected by default)
2025-10-09 18:21:51.830 [restartedMain] DEBUG org.hibernate.SQL - 
    drop table if exists employees cascade 
2025-10-09 18:21:51.832 [restartedMain] DEBUG org.hibernate.SQL - 
    create table employees (
        bonus float(53) check (bonus>=0),
        pf float(53) check (pf>=0),
        salary float(53) not null check (salary>=0),
        tax float(53) check (tax>=0),
        id bigint generated by default as identity,
        department varchar(255) not null,
        email varchar(255) not null unique,
        gender varchar(255) not null,
        name varchar(255) not null,
        primary key (id)
    )
2025-10-09 18:21:51.840 [restartedMain] WARN  o.s.b.w.s.c.AnnotationConfigServletWebServerApplicationContext - Exception encountered during context initialization - cancelling refresh attempt: org.springframework.beans.factory.BeanCreationException: Error creating bean with name 'employeeController' defined in file [C:\INTERVIEW NOTES\RestAPI\target\classes\com\spring\restapi\controller\EmployeeController.class]: Failed to instantiate [com.spring.restapi.controller.EmployeeController]: Constructor threw exception
2025-10-09 18:21:51.840 [restartedMain] DEBUG org.hibernate.SQL - 
    drop table if exists employees cascade 
2025-10-09 18:21:51.841 [restartedMain] WARN  o.s.b.f.s.DisposableBeanAdapter - Invocation of destroy method failed on bean with name 'inMemoryDatabaseShutdownExecutor': org.h2.jdbc.JdbcSQLNonTransientConnectionException: Database is already closed (to disable automatic closing at VM shutdown, add ";DB_CLOSE_ON_EXIT=FALSE" to the db URL) [90121-232]
2025-10-09 18:21:51.841 [restartedMain] INFO  c.z.h.HikariDataSource - HikariPool-2 - Shutdown initiated...
2025-10-09 18:21:51.843 [restartedMain] INFO  c.z.h.HikariDataSource - HikariPool-2 - Shutdown completed.
2025-10-09 18:21:51.869 [restartedMain] ERROR o.s.b.SpringApplication - Application run failed
org.springframework.beans.factory.BeanCreationException: Error creating bean with name 'employeeController' defined in file [C:\INTERVIEW NOTES\RestAPI\target\classes\com\spring\restapi\controller\EmployeeController.class]: Failed to instantiate [com.spring.restapi.controller.EmployeeController]: Constructor threw exception
	at org.springframework.beans.factory.support.AbstractAutowireCapableBeanFactory.instantiateBean(AbstractAutowireCapableBeanFactory.java:1357) ~[spring-beans-6.2.11.jar:6.2.11]
	at org.springframework.beans.factory.support.AbstractAutowireCapableBeanFactory.createBeanInstance(AbstractAutowireCapableBeanFactory.java:1242) ~[spring-beans-6.2.11.jar:6.2.11]
	at org.springframework.beans.factory.support.AbstractAutowireCapableBeanFactory.doCreateBean(AbstractAutowireCapableBeanFactory.java:569) ~[spring-beans-6.2.11.jar:6.2.11]
	at org.springframework.beans.factory.support.AbstractAutowireCapableBeanFactory.createBean(AbstractAutowireCapableBeanFactory.java:529) ~[spring-beans-6.2.11.jar:6.2.11]
	at org.springframework.beans.factory.support.AbstractBeanFactory.lambda$doGetBean$0(AbstractBeanFactory.java:339) ~[spring-beans-6.2.11.jar:6.2.11]
	at org.springframework.beans.factory.support.DefaultSingletonBeanRegistry.getSingleton(DefaultSingletonBeanRegistry.java:373) ~[spring-beans-6.2.11.jar:6.2.11]
	at org.springframework.beans.factory.support.AbstractBeanFactory.doGetBean(AbstractBeanFactory.java:337) ~[spring-beans-6.2.11.jar:6.2.11]
	at org.springframework.beans.factory.support.AbstractBeanFactory.getBean(AbstractBeanFactory.java:202) ~[spring-beans-6.2.11.jar:6.2.11]
	at org.springframework.beans.factory.support.DefaultListableBeanFactory.instantiateSingleton(DefaultListableBeanFactory.java:1221) ~[spring-beans-6.2.11.jar:6.2.11]
	at org.springframework.beans.factory.support.DefaultListableBeanFactory.preInstantiateSingleton(DefaultListableBeanFactory.java:1187) ~[spring-beans-6.2.11.jar:6.2.11]
	at org.springframework.beans.factory.support.DefaultListableBeanFactory.preInstantiateSingletons(DefaultListableBeanFactory.java:1123) ~[spring-beans-6.2.11.jar:6.2.11]
	at org.springframework.context.support.AbstractApplicationContext.finishBeanFactoryInitialization(AbstractApplicationContext.java:987) ~[spring-context-6.2.11.jar:6.2.11]
	at org.springframework.context.support.AbstractApplicationContext.refresh(AbstractApplicationContext.java:627) ~[spring-context-6.2.11.jar:6.2.11]
	at org.springframework.boot.web.servlet.context.ServletWebServerApplicationContext.refresh(ServletWebServerApplicationContext.java:146) ~[spring-boot-3.5.6.jar:3.5.6]
	at org.springframework.boot.SpringApplication.refresh(SpringApplication.java:752) ~[spring-boot-3.5.6.jar:3.5.6]
	at org.springframework.boot.SpringApplication.refreshContext(SpringApplication.java:439) ~[spring-boot-3.5.6.jar:3.5.6]
	at org.springframework.boot.SpringApplication.run(SpringApplication.java:318) ~[spring-boot-3.5.6.jar:3.5.6]
	at org.springframework.boot.SpringApplication.run(SpringApplication.java:1361) ~[spring-boot-3.5.6.jar:3.5.6]
	at org.springframework.boot.SpringApplication.run(SpringApplication.java:1350) ~[spring-boot-3.5.6.jar:3.5.6]
	at com.spring.restapi.RestApiApplication.main(RestApiApplication.java:15) ~[classes/:na]
	at java.base/jdk.internal.reflect.NativeMethodAccessorImpl.invoke0(Native Method) ~[na:na]
	at java.base/jdk.internal.reflect.NativeMethodAccessorImpl.invoke(NativeMethodAccessorImpl.java:77) ~[na:na]
	at java.base/jdk.internal.reflect.DelegatingMethodAccessorImpl.invoke(DelegatingMethodAccessorImpl.java:43) ~[na:na]
	at java.base/java.lang.reflect.Method.invoke(Method.java:568) ~[na:na]
	at org.springframework.boot.devtools.restart.RestartLauncher.run(RestartLauncher.java:50) ~[spring-boot-devtools-3.5.6.jar:3.5.6]
Caused by: org.springframework.beans.BeanInstantiationException: Failed to instantiate [com.spring.restapi.controller.EmployeeController]: Constructor threw exception
	at org.springframework.beans.BeanUtils.instantiateClass(BeanUtils.java:223) ~[spring-beans-6.2.11.jar:6.2.11]
	at org.springframework.beans.factory.support.SimpleInstantiationStrategy.instantiate(SimpleInstantiationStrategy.java:123) ~[spring-beans-6.2.11.jar:6.2.11]
	at org.springframework.beans.factory.support.AbstractAutowireCapableBeanFactory.instantiateBean(AbstractAutowireCapableBeanFactory.java:1351) ~[spring-beans-6.2.11.jar:6.2.11]
	... 24 common frames omitted
Caused by: java.lang.Error: Unresolved compilation problems: 
	The import org.springframework.hateoas cannot be resolved
	The import org.springframework.hateoas cannot be resolved
	The import org.springframework.hateoas cannot be resolved
	The import org.springframework.hateoas cannot be resolved
	The import org.springframework.hateoas cannot be resolved
	The import org.springframework.hateoas cannot be resolved
	EntityModel cannot be resolved to a type
	EntityModel cannot be resolved to a type
	EntityModel cannot be resolved
	The method methodOn(Class<EmployeeController>) is undefined for the type EmployeeController
	The method methodOn(Class<EmployeeController>) is undefined for the type EmployeeController
	The method methodOn(Class<EmployeeController>) is undefined for the type EmployeeController
	The method methodOn(Class<EmployeeController>) is undefined for the type EmployeeController
	EntityModel cannot be resolved to a type
	EntityModel cannot be resolved to a type
	EntityModel cannot be resolved
	The method methodOn(Class<EmployeeController>) is undefined for the type EmployeeController
	The method methodOn(Class<EmployeeController>) is undefined for the type EmployeeController
	The method methodOn(Class<EmployeeController>) is undefined for the type EmployeeController
	The method methodOn(Class<EmployeeController>) is undefined for the type EmployeeController
	EntityModel cannot be resolved to a type
	EntityModel cannot be resolved to a type
	EntityModel cannot be resolved
	The method methodOn(Class<EmployeeController>) is undefined for the type EmployeeController
	The method methodOn(Class<EmployeeController>) is undefined for the type EmployeeController
	The method methodOn(Class<EmployeeController>) is undefined for the type EmployeeController
	The method methodOn(Class<EmployeeController>) is undefined for the type EmployeeController
	EntityModel cannot be resolved to a type
	EntityModel cannot be resolved to a type
	EntityModel cannot be resolved
	The method methodOn(Class<EmployeeController>) is undefined for the type EmployeeController
	The method methodOn(Class<EmployeeController>) is undefined for the type EmployeeController
	CollectionModel cannot be resolved to a type
	EntityModel cannot be resolved to a type
	EntityModel cannot be resolved to a type
	Cannot infer type argument(s) for <R> map(Function<? super T,? extends R>)
	EntityModel cannot be resolved to a type
	EntityModel cannot be resolved
	The method methodOn(Class<EmployeeController>) is undefined for the type EmployeeController
	The method methodOn(Class<EmployeeController>) is undefined for the type EmployeeController
	The method methodOn(Class<EmployeeController>) is undefined for the type EmployeeController
	CollectionModel cannot be resolved to a type
	EntityModel cannot be resolved to a type
	CollectionModel cannot be resolved
	The method methodOn(Class<EmployeeController>) is undefined for the type EmployeeController
	The method methodOn(Class<EmployeeController>) is undefined for the type EmployeeController
	The method methodOn(Class<EmployeeController>) is undefined for the type EmployeeController
	The method methodOn(Class<EmployeeController>) is undefined for the type EmployeeController
	EntityModel cannot be resolved to a type
	EntityModel cannot be resolved to a type
	EntityModel cannot be resolved
	The method methodOn(Class<EmployeeController>) is undefined for the type EmployeeController
	The method methodOn(Class<EmployeeController>) is undefined for the type EmployeeController
	The method methodOn(Class<EmployeeController>) is undefined for the type EmployeeController
	The method methodOn(Class<EmployeeController>) is undefined for the type EmployeeController
	The method methodOn(Class<EmployeeController>) is undefined for the type EmployeeController
	The method methodOn(Class<EmployeeController>) is undefined for the type EmployeeController
	CollectionModel cannot be resolved to a type
	EntityModel cannot be resolved to a type
	EntityModel cannot be resolved to a type
	Cannot infer type argument(s) for <R> map(Function<? super T,? extends R>)
	EntityModel cannot be resolved to a type
	EntityModel cannot be resolved
	The method methodOn(Class<EmployeeController>) is undefined for the type EmployeeController
	CollectionModel cannot be resolved to a type
	EntityModel cannot be resolved to a type
	CollectionModel cannot be resolved
	The method methodOn(Class<EmployeeController>) is undefined for the type EmployeeController
	The method methodOn(Class<EmployeeController>) is undefined for the type EmployeeController
	CollectionModel cannot be resolved to a type
	EntityModel cannot be resolved to a type
	EntityModel cannot be resolved to a type
	Cannot infer type argument(s) for <R> map(Function<? super T,? extends R>)
	EntityModel cannot be resolved to a type
	EntityModel cannot be resolved
	The method methodOn(Class<EmployeeController>) is undefined for the type EmployeeController
	EntityModel cannot be resolved to a type
	CollectionModel cannot be resolved to a type
	EntityModel cannot be resolved to a type
	EntityModel cannot be resolved
	The method methodOn(Class<EmployeeController>) is undefined for the type EmployeeController
	EntityModel cannot be resolved to a type
	EntityModel cannot be resolved to a type
	EntityModel cannot be resolved to a type
	EntityModel cannot be resolved to a type
	EntityModel cannot be resolved
	The method methodOn(Class<EmployeeController>) is undefined for the type EmployeeController
	The method methodOn(Class<EmployeeController>) is undefined for the type EmployeeController
	CollectionModel cannot be resolved to a type
	EntityModel cannot be resolved to a type
	EntityModel cannot be resolved
	The method methodOn(Class<EmployeeController>) is undefined for the type EmployeeController
	CollectionModel cannot be resolved to a type
	EntityModel cannot be resolved to a type
	EntityModel cannot be resolved
	The method methodOn(Class<EmployeeController>) is undefined for the type EmployeeController
	CollectionModel cannot be resolved to a type
	EntityModel cannot be resolved to a type
	EntityModel cannot be resolved
	The method methodOn(Class<EmployeeController>) is undefined for the type EmployeeController

	at com.spring.restapi.controller.EmployeeController.<init>(EmployeeController.java:12) ~[classes/:na]
	at java.base/jdk.internal.reflect.NativeConstructorAccessorImpl.newInstance0(Native Method) ~[na:na]
	at java.base/jdk.internal.reflect.NativeConstructorAccessorImpl.newInstance(NativeConstructorAccessorImpl.java:77) ~[na:na]
	at java.base/jdk.internal.reflect.DelegatingConstructorAccessorImpl.newInstance(DelegatingConstructorAccessorImpl.java:45) ~[na:na]
	at java.base/java.lang.reflect.Constructor.newInstanceWithCaller(Constructor.java:499) ~[na:na]
	at java.base/java.lang.reflect.Constructor.newInstance(Constructor.java:480) ~[na:na]
	at org.springframework.beans.BeanUtils.instantiateClass(BeanUtils.java:197) ~[spring-beans-6.2.11.jar:6.2.11]
	... 26 common frames omitted
2025-10-09 18:24:51.990 [restartedMain] INFO  c.s.r.RestApiApplication - Starting RestApiApplication using Java 17.0.4 with PID 16880 (C:\INTERVIEW NOTES\RestAPI\target\classes started by 91992 in C:\INTERVIEW NOTES\RestAPI)
2025-10-09 18:24:51.990 [restartedMain] DEBUG c.s.r.RestApiApplication - Running with Spring Boot v3.5.6, Spring v6.2.11
2025-10-09 18:24:51.990 [restartedMain] INFO  c.s.r.RestApiApplication - No active profile set, falling back to 1 default profile: "default"
2025-10-09 18:24:52.596 [restartedMain] WARN  i.u.websockets.jsr - UT026010: Buffer pool was not set on WebSocketDeploymentInfo, the default pool will be used
2025-10-09 18:24:52.598 [restartedMain] INFO  io.undertow.servlet - Initializing Spring embedded WebApplicationContext
2025-10-09 18:24:52.648 [restartedMain] INFO  c.z.h.HikariDataSource - HikariPool-3 - Starting...
2025-10-09 18:24:52.650 [restartedMain] INFO  c.z.h.p.HikariPool - HikariPool-3 - Added connection conn11: url=jdbc:h2:mem:testdb user=SA
2025-10-09 18:24:52.652 [restartedMain] INFO  c.z.h.HikariDataSource - HikariPool-3 - Start completed.
2025-10-09 18:24:52.652 [restartedMain] WARN  o.h.orm.deprecation - HHH90000025: H2Dialect does not need to be specified explicitly using 'hibernate.dialect' (remove the property setting and it will be selected by default)
2025-10-09 18:24:52.695 [restartedMain] DEBUG org.hibernate.SQL - 
    drop table if exists employees cascade 
2025-10-09 18:24:52.695 [restartedMain] DEBUG org.hibernate.SQL - 
    create table employees (
        bonus float(53) check (bonus>=0),
        pf float(53) check (pf>=0),
        salary float(53) not null check (salary>=0),
        tax float(53) check (tax>=0),
        id bigint generated by default as identity,
        department varchar(255) not null,
        email varchar(255) not null unique,
        gender varchar(255) not null,
        name varchar(255) not null,
        primary key (id)
    )
2025-10-09 18:24:52.704 [restartedMain] WARN  o.s.b.w.s.c.AnnotationConfigServletWebServerApplicationContext - Exception encountered during context initialization - cancelling refresh attempt: org.springframework.beans.factory.BeanCreationException: Error creating bean with name 'employeeController' defined in file [C:\INTERVIEW NOTES\RestAPI\target\classes\com\spring\restapi\controller\EmployeeController.class]: Failed to instantiate [com.spring.restapi.controller.EmployeeController]: Constructor threw exception
2025-10-09 18:24:52.704 [restartedMain] DEBUG org.hibernate.SQL - 
    drop table if exists employees cascade 
2025-10-09 18:24:52.706 [restartedMain] WARN  o.s.b.f.s.DisposableBeanAdapter - Invocation of destroy method failed on bean with name 'inMemoryDatabaseShutdownExecutor': org.h2.jdbc.JdbcSQLNonTransientConnectionException: Database is already closed (to disable automatic closing at VM shutdown, add ";DB_CLOSE_ON_EXIT=FALSE" to the db URL) [90121-232]
2025-10-09 18:24:52.706 [restartedMain] INFO  c.z.h.HikariDataSource - HikariPool-3 - Shutdown initiated...
2025-10-09 18:24:52.707 [restartedMain] INFO  c.z.h.HikariDataSource - HikariPool-3 - Shutdown completed.
2025-10-09 18:24:52.714 [restartedMain] ERROR o.s.b.SpringApplication - Application run failed
org.springframework.beans.factory.BeanCreationException: Error creating bean with name 'employeeController' defined in file [C:\INTERVIEW NOTES\RestAPI\target\classes\com\spring\restapi\controller\EmployeeController.class]: Failed to instantiate [com.spring.restapi.controller.EmployeeController]: Constructor threw exception
	at org.springframework.beans.factory.support.AbstractAutowireCapableBeanFactory.instantiateBean(AbstractAutowireCapableBeanFactory.java:1357) ~[spring-beans-6.2.11.jar:6.2.11]
	at org.springframework.beans.factory.support.AbstractAutowireCapableBeanFactory.createBeanInstance(AbstractAutowireCapableBeanFactory.java:1242) ~[spring-beans-6.2.11.jar:6.2.11]
	at org.springframework.beans.factory.support.AbstractAutowireCapableBeanFactory.doCreateBean(AbstractAutowireCapableBeanFactory.java:569) ~[spring-beans-6.2.11.jar:6.2.11]
	at org.springframework.beans.factory.support.AbstractAutowireCapableBeanFactory.createBean(AbstractAutowireCapableBeanFactory.java:529) ~[spring-beans-6.2.11.jar:6.2.11]
	at org.springframework.beans.factory.support.AbstractBeanFactory.lambda$doGetBean$0(AbstractBeanFactory.java:339) ~[spring-beans-6.2.11.jar:6.2.11]
	at org.springframework.beans.factory.support.DefaultSingletonBeanRegistry.getSingleton(DefaultSingletonBeanRegistry.java:373) ~[spring-beans-6.2.11.jar:6.2.11]
	at org.springframework.beans.factory.support.AbstractBeanFactory.doGetBean(AbstractBeanFactory.java:337) ~[spring-beans-6.2.11.jar:6.2.11]
	at org.springframework.beans.factory.support.AbstractBeanFactory.getBean(AbstractBeanFactory.java:202) ~[spring-beans-6.2.11.jar:6.2.11]
	at org.springframework.beans.factory.support.DefaultListableBeanFactory.instantiateSingleton(DefaultListableBeanFactory.java:1221) ~[spring-beans-6.2.11.jar:6.2.11]
	at org.springframework.beans.factory.support.DefaultListableBeanFactory.preInstantiateSingleton(DefaultListableBeanFactory.java:1187) ~[spring-beans-6.2.11.jar:6.2.11]
	at org.springframework.beans.factory.support.DefaultListableBeanFactory.preInstantiateSingletons(DefaultListableBeanFactory.java:1123) ~[spring-beans-6.2.11.jar:6.2.11]
	at org.springframework.context.support.AbstractApplicationContext.finishBeanFactoryInitialization(AbstractApplicationContext.java:987) ~[spring-context-6.2.11.jar:6.2.11]
	at org.springframework.context.support.AbstractApplicationContext.refresh(AbstractApplicationContext.java:627) ~[spring-context-6.2.11.jar:6.2.11]
	at org.springframework.boot.web.servlet.context.ServletWebServerApplicationContext.refresh(ServletWebServerApplicationContext.java:146) ~[spring-boot-3.5.6.jar:3.5.6]
	at org.springframework.boot.SpringApplication.refresh(SpringApplication.java:752) ~[spring-boot-3.5.6.jar:3.5.6]
	at org.springframework.boot.SpringApplication.refreshContext(SpringApplication.java:439) ~[spring-boot-3.5.6.jar:3.5.6]
	at org.springframework.boot.SpringApplication.run(SpringApplication.java:318) ~[spring-boot-3.5.6.jar:3.5.6]
	at org.springframework.boot.SpringApplication.run(SpringApplication.java:1361) ~[spring-boot-3.5.6.jar:3.5.6]
	at org.springframework.boot.SpringApplication.run(SpringApplication.java:1350) ~[spring-boot-3.5.6.jar:3.5.6]
	at com.spring.restapi.RestApiApplication.main(RestApiApplication.java:15) ~[classes/:na]
	at java.base/jdk.internal.reflect.NativeMethodAccessorImpl.invoke0(Native Method) ~[na:na]
	at java.base/jdk.internal.reflect.NativeMethodAccessorImpl.invoke(NativeMethodAccessorImpl.java:77) ~[na:na]
	at java.base/jdk.internal.reflect.DelegatingMethodAccessorImpl.invoke(DelegatingMethodAccessorImpl.java:43) ~[na:na]
	at java.base/java.lang.reflect.Method.invoke(Method.java:568) ~[na:na]
	at org.springframework.boot.devtools.restart.RestartLauncher.run(RestartLauncher.java:50) ~[spring-boot-devtools-3.5.6.jar:3.5.6]
Caused by: org.springframework.beans.BeanInstantiationException: Failed to instantiate [com.spring.restapi.controller.EmployeeController]: Constructor threw exception
	at org.springframework.beans.BeanUtils.instantiateClass(BeanUtils.java:223) ~[spring-beans-6.2.11.jar:6.2.11]
	at org.springframework.beans.factory.support.SimpleInstantiationStrategy.instantiate(SimpleInstantiationStrategy.java:123) ~[spring-beans-6.2.11.jar:6.2.11]
	at org.springframework.beans.factory.support.AbstractAutowireCapableBeanFactory.instantiateBean(AbstractAutowireCapableBeanFactory.java:1351) ~[spring-beans-6.2.11.jar:6.2.11]
	... 24 common frames omitted
Caused by: java.lang.Error: Unresolved compilation problems: 
	The import org.springframework.hateoas cannot be resolved
	The import org.springframework.hateoas cannot be resolved
	The import org.springframework.hateoas cannot be resolved
	The import org.springframework.hateoas cannot be resolved
	The import org.springframework.hateoas cannot be resolved
	The import org.springframework.hateoas cannot be resolved
	EntityModel cannot be resolved to a type
	The method saveEmployee(Employee) from the type EmployeeService refers to the missing type EntityModel
	EntityModel cannot be resolved to a type
	EntityModel cannot be resolved
	The method methodOn(Class<EmployeeController>) is undefined for the type EmployeeController
	The method methodOn(Class<EmployeeController>) is undefined for the type EmployeeController
	The method methodOn(Class<EmployeeController>) is undefined for the type EmployeeController
	The method methodOn(Class<EmployeeController>) is undefined for the type EmployeeController
	EntityModel cannot be resolved to a type
	The method updateEmployee(Long, Employee) from the type EmployeeService refers to the missing type EntityModel
	EntityModel cannot be resolved to a type
	EntityModel cannot be resolved
	The method methodOn(Class<EmployeeController>) is undefined for the type EmployeeController
	The method methodOn(Class<EmployeeController>) is undefined for the type EmployeeController
	The method methodOn(Class<EmployeeController>) is undefined for the type EmployeeController
	The method methodOn(Class<EmployeeController>) is undefined for the type EmployeeController
	EntityModel cannot be resolved to a type
	The method partialUpdateEmployee(Long, Map<String,Object>) from the type EmployeeService refers to the missing type EntityModel
	EntityModel cannot be resolved to a type
	EntityModel cannot be resolved
	The method methodOn(Class<EmployeeController>) is undefined for the type EmployeeController
	The method methodOn(Class<EmployeeController>) is undefined for the type EmployeeController
	The method methodOn(Class<EmployeeController>) is undefined for the type EmployeeController
	The method methodOn(Class<EmployeeController>) is undefined for the type EmployeeController
	EntityModel cannot be resolved to a type
	The method getEmployeeById(Long) from the type EmployeeService refers to the missing type EntityModel
	EntityModel cannot be resolved to a type
	EntityModel cannot be resolved
	The method methodOn(Class<EmployeeController>) is undefined for the type EmployeeController
	The method methodOn(Class<EmployeeController>) is undefined for the type EmployeeController
	CollectionModel cannot be resolved to a type
	EntityModel cannot be resolved to a type
	The method getAllEmployees() from the type EmployeeService refers to the missing type CollectionModel
	EntityModel cannot be resolved to a type
	Cannot infer type argument(s) for <R> map(Function<? super T,? extends R>)
	EntityModel cannot be resolved to a type
	EntityModel cannot be resolved
	The method methodOn(Class<EmployeeController>) is undefined for the type EmployeeController
	The method methodOn(Class<EmployeeController>) is undefined for the type EmployeeController
	The method methodOn(Class<EmployeeController>) is undefined for the type EmployeeController
	CollectionModel cannot be resolved to a type
	EntityModel cannot be resolved to a type
	CollectionModel cannot be resolved
	The method methodOn(Class<EmployeeController>) is undefined for the type EmployeeController
	The method methodOn(Class<EmployeeController>) is undefined for the type EmployeeController
	The method methodOn(Class<EmployeeController>) is undefined for the type EmployeeController
	The method methodOn(Class<EmployeeController>) is undefined for the type EmployeeController
	EntityModel cannot be resolved to a type
	The method getEmployeeById(Long) from the type EmployeeService refers to the missing type EntityModel
	EntityModel cannot be resolved to a type
	EntityModel cannot be resolved
	The method methodOn(Class<EmployeeController>) is undefined for the type EmployeeController
	The method methodOn(Class<EmployeeController>) is undefined for the type EmployeeController
	The method methodOn(Class<EmployeeController>) is undefined for the type EmployeeController
	The method methodOn(Class<EmployeeController>) is undefined for the type EmployeeController
	The method methodOn(Class<EmployeeController>) is undefined for the type EmployeeController
	The method methodOn(Class<EmployeeController>) is undefined for the type EmployeeController
	CollectionModel cannot be resolved to a type
	EntityModel cannot be resolved to a type
	The method getEmployeesByDepartment(String) from the type EmployeeService refers to the missing type CollectionModel
	EntityModel cannot be resolved to a type
	Cannot infer type argument(s) for <R> map(Function<? super T,? extends R>)
	EntityModel cannot be resolved to a type
	EntityModel cannot be resolved
	The method methodOn(Class<EmployeeController>) is undefined for the type EmployeeController
	CollectionModel cannot be resolved to a type
	EntityModel cannot be resolved to a type
	CollectionModel cannot be resolved
	The method methodOn(Class<EmployeeController>) is undefined for the type EmployeeController
	The method methodOn(Class<EmployeeController>) is undefined for the type EmployeeController
	CollectionModel cannot be resolved to a type
	EntityModel cannot be resolved to a type
	EntityModel cannot be resolved to a type
	EntityModel cannot be resolved
	The method methodOn(Class<EmployeeController>) is undefined for the type EmployeeController
	CollectionModel cannot be resolved to a type
	EntityModel cannot be resolved to a type
	EntityModel cannot be resolved
	The method methodOn(Class<EmployeeController>) is undefined for the type EmployeeController
	EntityModel cannot be resolved to a type
	EntityModel cannot be resolved to a type
	EntityModel cannot be resolved to a type
	CollectionModel cannot be resolved to a type
	EntityModel cannot be resolved to a type
	EntityModel cannot be resolved
	The method methodOn(Class<EmployeeController>) is undefined for the type EmployeeController
	CollectionModel cannot be resolved to a type
	EntityModel cannot be resolved to a type
	EntityModel cannot be resolved
	The method methodOn(Class<EmployeeController>) is undefined for the type EmployeeController
	CollectionModel cannot be resolved to a type
	EntityModel cannot be resolved to a type
	EntityModel cannot be resolved
	The method methodOn(Class<EmployeeController>) is undefined for the type EmployeeController

	at com.spring.restapi.controller.EmployeeController.<init>(EmployeeController.java:12) ~[classes/:na]
	at java.base/jdk.internal.reflect.NativeConstructorAccessorImpl.newInstance0(Native Method) ~[na:na]
	at java.base/jdk.internal.reflect.NativeConstructorAccessorImpl.newInstance(NativeConstructorAccessorImpl.java:77) ~[na:na]
	at java.base/jdk.internal.reflect.DelegatingConstructorAccessorImpl.newInstance(DelegatingConstructorAccessorImpl.java:45) ~[na:na]
	at java.base/java.lang.reflect.Constructor.newInstanceWithCaller(Constructor.java:499) ~[na:na]
	at java.base/java.lang.reflect.Constructor.newInstance(Constructor.java:480) ~[na:na]
	at org.springframework.beans.BeanUtils.instantiateClass(BeanUtils.java:197) ~[spring-beans-6.2.11.jar:6.2.11]
	... 26 common frames omitted
2025-10-09 18:25:52.522 [restartedMain] INFO  c.s.r.RestApiApplication - Starting RestApiApplication using Java 17.0.4 with PID 16880 (C:\INTERVIEW NOTES\RestAPI\target\classes started by 91992 in C:\INTERVIEW NOTES\RestAPI)
2025-10-09 18:25:52.522 [restartedMain] DEBUG c.s.r.RestApiApplication - Running with Spring Boot v3.5.6, Spring v6.2.11
2025-10-09 18:25:52.522 [restartedMain] INFO  c.s.r.RestApiApplication - No active profile set, falling back to 1 default profile: "default"
2025-10-09 18:25:52.847 [restartedMain] WARN  i.u.websockets.jsr - UT026010: Buffer pool was not set on WebSocketDeploymentInfo, the default pool will be used
2025-10-09 18:25:52.848 [restartedMain] INFO  io.undertow.servlet - Initializing Spring embedded WebApplicationContext
2025-10-09 18:25:52.893 [restartedMain] INFO  c.z.h.HikariDataSource - HikariPool-4 - Starting...
2025-10-09 18:25:52.895 [restartedMain] INFO  c.z.h.p.HikariPool - HikariPool-4 - Added connection conn12: url=jdbc:h2:mem:testdb user=SA
2025-10-09 18:25:52.895 [restartedMain] INFO  c.z.h.HikariDataSource - HikariPool-4 - Start completed.
2025-10-09 18:25:52.896 [restartedMain] WARN  o.h.orm.deprecation - HHH90000025: H2Dialect does not need to be specified explicitly using 'hibernate.dialect' (remove the property setting and it will be selected by default)
2025-10-09 18:25:52.942 [restartedMain] DEBUG org.hibernate.SQL - 
    drop table if exists employees cascade 
2025-10-09 18:25:52.943 [restartedMain] DEBUG org.hibernate.SQL - 
    create table employees (
        bonus float(53) check (bonus>=0),
        pf float(53) check (pf>=0),
        salary float(53) not null check (salary>=0),
        tax float(53) check (tax>=0),
        id bigint generated by default as identity,
        department varchar(255) not null,
        email varchar(255) not null unique,
        gender varchar(255) not null,
        name varchar(255) not null,
        primary key (id)
    )
2025-10-09 18:25:52.951 [restartedMain] WARN  o.s.b.w.s.c.AnnotationConfigServletWebServerApplicationContext - Exception encountered during context initialization - cancelling refresh attempt: org.springframework.beans.factory.BeanCreationException: Error creating bean with name 'employeeController' defined in file [C:\INTERVIEW NOTES\RestAPI\target\classes\com\spring\restapi\controller\EmployeeController.class]: Failed to instantiate [com.spring.restapi.controller.EmployeeController]: Constructor threw exception
2025-10-09 18:25:52.952 [restartedMain] DEBUG org.hibernate.SQL - 
    drop table if exists employees cascade 
2025-10-09 18:25:52.953 [restartedMain] WARN  o.s.b.f.s.DisposableBeanAdapter - Invocation of destroy method failed on bean with name 'inMemoryDatabaseShutdownExecutor': org.h2.jdbc.JdbcSQLNonTransientConnectionException: Database is already closed (to disable automatic closing at VM shutdown, add ";DB_CLOSE_ON_EXIT=FALSE" to the db URL) [90121-232]
2025-10-09 18:25:52.954 [restartedMain] INFO  c.z.h.HikariDataSource - HikariPool-4 - Shutdown initiated...
2025-10-09 18:25:52.954 [restartedMain] INFO  c.z.h.HikariDataSource - HikariPool-4 - Shutdown completed.
2025-10-09 18:25:52.962 [restartedMain] ERROR o.s.b.SpringApplication - Application run failed
org.springframework.beans.factory.BeanCreationException: Error creating bean with name 'employeeController' defined in file [C:\INTERVIEW NOTES\RestAPI\target\classes\com\spring\restapi\controller\EmployeeController.class]: Failed to instantiate [com.spring.restapi.controller.EmployeeController]: Constructor threw exception
	at org.springframework.beans.factory.support.AbstractAutowireCapableBeanFactory.instantiateBean(AbstractAutowireCapableBeanFactory.java:1357) ~[spring-beans-6.2.11.jar:6.2.11]
	at org.springframework.beans.factory.support.AbstractAutowireCapableBeanFactory.createBeanInstance(AbstractAutowireCapableBeanFactory.java:1242) ~[spring-beans-6.2.11.jar:6.2.11]
	at org.springframework.beans.factory.support.AbstractAutowireCapableBeanFactory.doCreateBean(AbstractAutowireCapableBeanFactory.java:569) ~[spring-beans-6.2.11.jar:6.2.11]
	at org.springframework.beans.factory.support.AbstractAutowireCapableBeanFactory.createBean(AbstractAutowireCapableBeanFactory.java:529) ~[spring-beans-6.2.11.jar:6.2.11]
	at org.springframework.beans.factory.support.AbstractBeanFactory.lambda$doGetBean$0(AbstractBeanFactory.java:339) ~[spring-beans-6.2.11.jar:6.2.11]
	at org.springframework.beans.factory.support.DefaultSingletonBeanRegistry.getSingleton(DefaultSingletonBeanRegistry.java:373) ~[spring-beans-6.2.11.jar:6.2.11]
	at org.springframework.beans.factory.support.AbstractBeanFactory.doGetBean(AbstractBeanFactory.java:337) ~[spring-beans-6.2.11.jar:6.2.11]
	at org.springframework.beans.factory.support.AbstractBeanFactory.getBean(AbstractBeanFactory.java:202) ~[spring-beans-6.2.11.jar:6.2.11]
	at org.springframework.beans.factory.support.DefaultListableBeanFactory.instantiateSingleton(DefaultListableBeanFactory.java:1221) ~[spring-beans-6.2.11.jar:6.2.11]
	at org.springframework.beans.factory.support.DefaultListableBeanFactory.preInstantiateSingleton(DefaultListableBeanFactory.java:1187) ~[spring-beans-6.2.11.jar:6.2.11]
	at org.springframework.beans.factory.support.DefaultListableBeanFactory.preInstantiateSingletons(DefaultListableBeanFactory.java:1123) ~[spring-beans-6.2.11.jar:6.2.11]
	at org.springframework.context.support.AbstractApplicationContext.finishBeanFactoryInitialization(AbstractApplicationContext.java:987) ~[spring-context-6.2.11.jar:6.2.11]
	at org.springframework.context.support.AbstractApplicationContext.refresh(AbstractApplicationContext.java:627) ~[spring-context-6.2.11.jar:6.2.11]
	at org.springframework.boot.web.servlet.context.ServletWebServerApplicationContext.refresh(ServletWebServerApplicationContext.java:146) ~[spring-boot-3.5.6.jar:3.5.6]
	at org.springframework.boot.SpringApplication.refresh(SpringApplication.java:752) ~[spring-boot-3.5.6.jar:3.5.6]
	at org.springframework.boot.SpringApplication.refreshContext(SpringApplication.java:439) ~[spring-boot-3.5.6.jar:3.5.6]
	at org.springframework.boot.SpringApplication.run(SpringApplication.java:318) ~[spring-boot-3.5.6.jar:3.5.6]
	at org.springframework.boot.SpringApplication.run(SpringApplication.java:1361) ~[spring-boot-3.5.6.jar:3.5.6]
	at org.springframework.boot.SpringApplication.run(SpringApplication.java:1350) ~[spring-boot-3.5.6.jar:3.5.6]
	at com.spring.restapi.RestApiApplication.main(RestApiApplication.java:15) ~[classes/:na]
	at java.base/jdk.internal.reflect.NativeMethodAccessorImpl.invoke0(Native Method) ~[na:na]
	at java.base/jdk.internal.reflect.NativeMethodAccessorImpl.invoke(NativeMethodAccessorImpl.java:77) ~[na:na]
	at java.base/jdk.internal.reflect.DelegatingMethodAccessorImpl.invoke(DelegatingMethodAccessorImpl.java:43) ~[na:na]
	at java.base/java.lang.reflect.Method.invoke(Method.java:568) ~[na:na]
	at org.springframework.boot.devtools.restart.RestartLauncher.run(RestartLauncher.java:50) ~[spring-boot-devtools-3.5.6.jar:3.5.6]
Caused by: org.springframework.beans.BeanInstantiationException: Failed to instantiate [com.spring.restapi.controller.EmployeeController]: Constructor threw exception
	at org.springframework.beans.BeanUtils.instantiateClass(BeanUtils.java:223) ~[spring-beans-6.2.11.jar:6.2.11]
	at org.springframework.beans.factory.support.SimpleInstantiationStrategy.instantiate(SimpleInstantiationStrategy.java:123) ~[spring-beans-6.2.11.jar:6.2.11]
	at org.springframework.beans.factory.support.AbstractAutowireCapableBeanFactory.instantiateBean(AbstractAutowireCapableBeanFactory.java:1351) ~[spring-beans-6.2.11.jar:6.2.11]
	... 24 common frames omitted
Caused by: java.lang.Error: Unresolved compilation problems: 
	The import org.springframework.hateoas cannot be resolved
	The import org.springframework.hateoas cannot be resolved
	The import org.springframework.hateoas cannot be resolved
	The import org.springframework.hateoas cannot be resolved
	The import org.springframework.hateoas cannot be resolved
	The import org.springframework.hateoas cannot be resolved
	EntityModel cannot be resolved to a type
	EntityModel cannot be resolved to a type
	EntityModel cannot be resolved
	The method methodOn(Class<EmployeeController>) is undefined for the type EmployeeController
	The method methodOn(Class<EmployeeController>) is undefined for the type EmployeeController
	The method methodOn(Class<EmployeeController>) is undefined for the type EmployeeController
	The method methodOn(Class<EmployeeController>) is undefined for the type EmployeeController
	EntityModel cannot be resolved to a type
	EntityModel cannot be resolved to a type
	EntityModel cannot be resolved
	The method methodOn(Class<EmployeeController>) is undefined for the type EmployeeController
	The method methodOn(Class<EmployeeController>) is undefined for the type EmployeeController
	The method methodOn(Class<EmployeeController>) is undefined for the type EmployeeController
	The method methodOn(Class<EmployeeController>) is undefined for the type EmployeeController
	EntityModel cannot be resolved to a type
	EntityModel cannot be resolved to a type
	EntityModel cannot be resolved
	The method methodOn(Class<EmployeeController>) is undefined for the type EmployeeController
	The method methodOn(Class<EmployeeController>) is undefined for the type EmployeeController
	The method methodOn(Class<EmployeeController>) is undefined for the type EmployeeController
	The method methodOn(Class<EmployeeController>) is undefined for the type EmployeeController
	EntityModel cannot be resolved to a type
	EntityModel cannot be resolved to a type
	EntityModel cannot be resolved
	The method methodOn(Class<EmployeeController>) is undefined for the type EmployeeController
	The method methodOn(Class<EmployeeController>) is undefined for the type EmployeeController
	CollectionModel cannot be resolved to a type
	EntityModel cannot be resolved to a type
	EntityModel cannot be resolved to a type
	Cannot infer type argument(s) for <R> map(Function<? super T,? extends R>)
	EntityModel cannot be resolved to a type
	EntityModel cannot be resolved
	The method methodOn(Class<EmployeeController>) is undefined for the type EmployeeController
	The method methodOn(Class<EmployeeController>) is undefined for the type EmployeeController
	The method methodOn(Class<EmployeeController>) is undefined for the type EmployeeController
	CollectionModel cannot be resolved to a type
	EntityModel cannot be resolved to a type
	CollectionModel cannot be resolved
	The method methodOn(Class<EmployeeController>) is undefined for the type EmployeeController
	The method methodOn(Class<EmployeeController>) is undefined for the type EmployeeController
	The method methodOn(Class<EmployeeController>) is undefined for the type EmployeeController
	The method methodOn(Class<EmployeeController>) is undefined for the type EmployeeController
	EntityModel cannot be resolved to a type
	EntityModel cannot be resolved to a type
	EntityModel cannot be resolved
	The method methodOn(Class<EmployeeController>) is undefined for the type EmployeeController
	The method methodOn(Class<EmployeeController>) is undefined for the type EmployeeController
	The method methodOn(Class<EmployeeController>) is undefined for the type EmployeeController
	The method methodOn(Class<EmployeeController>) is undefined for the type EmployeeController
	The method methodOn(Class<EmployeeController>) is undefined for the type EmployeeController
	The method methodOn(Class<EmployeeController>) is undefined for the type EmployeeController
	CollectionModel cannot be resolved to a type
	EntityModel cannot be resolved to a type
	EntityModel cannot be resolved to a type
	Cannot infer type argument(s) for <R> map(Function<? super T,? extends R>)
	EntityModel cannot be resolved to a type
	EntityModel cannot be resolved
	The method methodOn(Class<EmployeeController>) is undefined for the type EmployeeController
	CollectionModel cannot be resolved to a type
	EntityModel cannot be resolved to a type
	CollectionModel cannot be resolved
	The method methodOn(Class<EmployeeController>) is undefined for the type EmployeeController
	The method methodOn(Class<EmployeeController>) is undefined for the type EmployeeController
	CollectionModel cannot be resolved to a type
	EntityModel cannot be resolved to a type
	EntityModel cannot be resolved to a type
	Cannot infer type argument(s) for <R> map(Function<? super T,? extends R>)
	EntityModel cannot be resolved to a type
	EntityModel cannot be resolved
	The method methodOn(Class<EmployeeController>) is undefined for the type EmployeeController
	EntityModel cannot be resolved to a type
	CollectionModel cannot be resolved to a type
	EntityModel cannot be resolved to a type
	EntityModel cannot be resolved
	The method methodOn(Class<EmployeeController>) is undefined for the type EmployeeController
	EntityModel cannot be resolved to a type
	EntityModel cannot be resolved to a type
	EntityModel cannot be resolved to a type
	EntityModel cannot be resolved to a type
	EntityModel cannot be resolved
	The method methodOn(Class<EmployeeController>) is undefined for the type EmployeeController
	The method methodOn(Class<EmployeeController>) is undefined for the type EmployeeController
	CollectionModel cannot be resolved to a type
	EntityModel cannot be resolved to a type
	EntityModel cannot be resolved
	The method methodOn(Class<EmployeeController>) is undefined for the type EmployeeController
	CollectionModel cannot be resolved to a type
	EntityModel cannot be resolved to a type
	EntityModel cannot be resolved
	The method methodOn(Class<EmployeeController>) is undefined for the type EmployeeController
	CollectionModel cannot be resolved to a type
	EntityModel cannot be resolved to a type
	EntityModel cannot be resolved
	The method methodOn(Class<EmployeeController>) is undefined for the type EmployeeController

	at com.spring.restapi.controller.EmployeeController.<init>(EmployeeController.java:12) ~[classes/:na]
	at java.base/jdk.internal.reflect.NativeConstructorAccessorImpl.newInstance0(Native Method) ~[na:na]
	at java.base/jdk.internal.reflect.NativeConstructorAccessorImpl.newInstance(NativeConstructorAccessorImpl.java:77) ~[na:na]
	at java.base/jdk.internal.reflect.DelegatingConstructorAccessorImpl.newInstance(DelegatingConstructorAccessorImpl.java:45) ~[na:na]
	at java.base/java.lang.reflect.Constructor.newInstanceWithCaller(Constructor.java:499) ~[na:na]
	at java.base/java.lang.reflect.Constructor.newInstance(Constructor.java:480) ~[na:na]
	at org.springframework.beans.BeanUtils.instantiateClass(BeanUtils.java:197) ~[spring-beans-6.2.11.jar:6.2.11]
	... 26 common frames omitted
2025-10-09 18:25:58.542 [restartedMain] INFO  c.s.r.RestApiApplication - Starting RestApiApplication using Java 17.0.4 with PID 16880 (C:\INTERVIEW NOTES\RestAPI\target\classes started by 91992 in C:\INTERVIEW NOTES\RestAPI)
2025-10-09 18:25:58.542 [restartedMain] DEBUG c.s.r.RestApiApplication - Running with Spring Boot v3.5.6, Spring v6.2.11
2025-10-09 18:25:58.542 [restartedMain] INFO  c.s.r.RestApiApplication - No active profile set, falling back to 1 default profile: "default"
2025-10-09 18:25:58.855 [restartedMain] WARN  i.u.websockets.jsr - UT026010: Buffer pool was not set on WebSocketDeploymentInfo, the default pool will be used
2025-10-09 18:25:58.856 [restartedMain] INFO  io.undertow.servlet - Initializing Spring embedded WebApplicationContext
2025-10-09 18:25:58.897 [restartedMain] INFO  c.z.h.HikariDataSource - HikariPool-5 - Starting...
2025-10-09 18:25:58.899 [restartedMain] INFO  c.z.h.p.HikariPool - HikariPool-5 - Added connection conn13: url=jdbc:h2:mem:testdb user=SA
2025-10-09 18:25:58.899 [restartedMain] INFO  c.z.h.HikariDataSource - HikariPool-5 - Start completed.
2025-10-09 18:25:58.899 [restartedMain] WARN  o.h.orm.deprecation - HHH90000025: H2Dialect does not need to be specified explicitly using 'hibernate.dialect' (remove the property setting and it will be selected by default)
2025-10-09 18:25:58.939 [restartedMain] DEBUG org.hibernate.SQL - 
    drop table if exists employees cascade 
2025-10-09 18:25:58.940 [restartedMain] DEBUG org.hibernate.SQL - 
    create table employees (
        bonus float(53) check (bonus>=0),
        pf float(53) check (pf>=0),
        salary float(53) not null check (salary>=0),
        tax float(53) check (tax>=0),
        id bigint generated by default as identity,
        department varchar(255) not null,
        email varchar(255) not null unique,
        gender varchar(255) not null,
        name varchar(255) not null,
        primary key (id)
    )
2025-10-09 18:25:59.016 [restartedMain] WARN  o.s.b.a.o.j.JpaBaseConfiguration$JpaWebConfiguration - spring.jpa.open-in-view is enabled by default. Therefore, database queries may be performed during view rendering. Explicitly configure spring.jpa.open-in-view to disable this warning
2025-10-09 18:25:59.132 [restartedMain] INFO  io.undertow - starting server: Undertow - 2.3.19.Final
2025-10-09 18:25:59.177 [restartedMain] INFO  c.s.r.RestApiApplication - Started RestApiApplication in 0.66 seconds (process running for 488.603)
2025-10-09 18:25:59.179 [restartedMain] TRACE c.s.r.RestApiApplication - ðŸ” [TRACE] Application started in TRACE mode (if enabled).
2025-10-09 18:25:59.179 [restartedMain] DEBUG c.s.r.RestApiApplication - ðŸ› [DEBUG] Debugging startup sequence...
2025-10-09 18:25:59.179 [restartedMain] INFO  c.s.r.RestApiApplication - ðŸŽ‰ [INFO] REST API Application started successfully!
2025-10-09 18:25:59.179 [restartedMain] INFO  c.s.r.RestApiApplication - ðŸŒ Active Profiles: default
2025-10-09 18:25:59.179 [restartedMain] INFO  c.s.r.RestApiApplication - ðŸš€ Running on: http://localhost:8080
2025-10-09 18:25:59.179 [restartedMain] INFO  c.s.r.RestApiApplication - ðŸ“Š Swagger UI: http://localhost:8080/swagger-ui.html
2025-10-09 18:25:59.179 [restartedMain] INFO  c.s.r.RestApiApplication - ðŸ“š API Docs: http://localhost:8080/v3/api-docs
2025-10-09 18:25:59.179 [restartedMain] INFO  c.s.r.RestApiApplication - âœ… Health Check: http://localhost:8080/actuator/health
2025-10-09 18:25:59.179 [restartedMain] INFO  c.s.r.RestApiApplication - ðŸ“ˆ Metrics: http://localhost:8080/actuator/metrics
2025-10-09 18:25:59.179 [restartedMain] INFO  c.s.r.RestApiApplication - ðŸŒŸ Ready to handle requests!
2025-10-09 20:32:01.573 [RMI TCP Connection(142)-127.0.0.1] INFO  io.undertow - stopping server: Undertow - 2.3.19.Final
2025-10-09 20:32:01.585 [Thread-7] INFO  c.s.r.RestApiApplication - ðŸ›‘ REST API Application is shutting down gracefully...
2025-10-09 20:32:01.585 [Thread-22] INFO  c.s.r.RestApiApplication - ðŸ›‘ REST API Application is shutting down gracefully...
2025-10-09 20:32:01.604 [RMI TCP Connection(142)-127.0.0.1] DEBUG org.hibernate.SQL - 
    drop table if exists employees cascade 
2025-10-09 20:32:01.619 [RMI TCP Connection(142)-127.0.0.1] WARN  o.s.b.f.s.DisposableBeanAdapter - Invocation of destroy method failed on bean with name 'inMemoryDatabaseShutdownExecutor': org.h2.jdbc.JdbcSQLNonTransientConnectionException: Database is already closed (to disable automatic closing at VM shutdown, add ";DB_CLOSE_ON_EXIT=FALSE" to the db URL) [90121-232]
2025-10-09 20:32:01.621 [RMI TCP Connection(142)-127.0.0.1] INFO  c.z.h.HikariDataSource - HikariPool-5 - Shutdown initiated...
2025-10-09 20:32:01.624 [RMI TCP Connection(142)-127.0.0.1] WARN  c.z.h.HikariDataSource - HikariPool-5 - Interrupted during closing
java.lang.InterruptedException: null
	at java.base/java.util.concurrent.locks.AbstractQueuedSynchronizer$ConditionObject.awaitNanos(AbstractQueuedSynchronizer.java:1660) ~[na:na]
	at java.base/java.util.concurrent.ThreadPoolExecutor.awaitTermination(ThreadPoolExecutor.java:1464) ~[na:na]
	at com.zaxxer.hikari.pool.HikariPool.shutdown(HikariPool.java:246) ~[HikariCP-6.3.3.jar:na]
	at com.zaxxer.hikari.HikariDataSource.close(HikariDataSource.java:350) ~[HikariCP-6.3.3.jar:na]
	at org.springframework.beans.factory.support.DisposableBeanAdapter.destroy(DisposableBeanAdapter.java:233) ~[spring-beans-6.2.11.jar:6.2.11]
	at org.springframework.beans.factory.support.DefaultSingletonBeanRegistry.destroyBean(DefaultSingletonBeanRegistry.java:798) ~[spring-beans-6.2.11.jar:6.2.11]
	at org.springframework.beans.factory.support.DefaultSingletonBeanRegistry.destroySingleton(DefaultSingletonBeanRegistry.java:748) ~[spring-beans-6.2.11.jar:6.2.11]
	at org.springframework.beans.factory.support.DefaultListableBeanFactory.destroySingleton(DefaultListableBeanFactory.java:1489) ~[spring-beans-6.2.11.jar:6.2.11]
	at org.springframework.beans.factory.support.DefaultSingletonBeanRegistry.destroySingletons(DefaultSingletonBeanRegistry.java:707) ~[spring-beans-6.2.11.jar:6.2.11]
	at org.springframework.beans.factory.support.DefaultListableBeanFactory.destroySingletons(DefaultListableBeanFactory.java:1482) ~[spring-beans-6.2.11.jar:6.2.11]
	at org.springframework.context.support.AbstractApplicationContext.destroyBeans(AbstractApplicationContext.java:1219) ~[spring-context-6.2.11.jar:6.2.11]
	at org.springframework.context.support.AbstractApplicationContext.doClose(AbstractApplicationContext.java:1180) ~[spring-context-6.2.11.jar:6.2.11]
	at org.springframework.boot.web.servlet.context.ServletWebServerApplicationContext.doClose(ServletWebServerApplicationContext.java:179) ~[spring-boot-3.5.6.jar:3.5.6]
	at org.springframework.context.support.AbstractApplicationContext.close(AbstractApplicationContext.java:1126) ~[spring-context-6.2.11.jar:6.2.11]
	at org.springframework.boot.admin.SpringApplicationAdminMXBeanRegistrar$SpringApplicationAdmin.shutdown(SpringApplicationAdminMXBeanRegistrar.java:160) ~[spring-boot-3.5.6.jar:3.5.6]
	at java.base/jdk.internal.reflect.NativeMethodAccessorImpl.invoke0(Native Method) ~[na:na]
	at java.base/jdk.internal.reflect.NativeMethodAccessorImpl.invoke(NativeMethodAccessorImpl.java:77) ~[na:na]
	at java.base/jdk.internal.reflect.DelegatingMethodAccessorImpl.invoke(DelegatingMethodAccessorImpl.java:43) ~[na:na]
	at java.base/java.lang.reflect.Method.invoke(Method.java:568) ~[na:na]
	at sun.reflect.misc.Trampoline.invoke(MethodUtil.java:72) ~[na:na]
	at jdk.internal.reflect.GeneratedMethodAccessor20.invoke(Unknown Source) ~[na:na]
	at java.base/jdk.internal.reflect.DelegatingMethodAccessorImpl.invoke(DelegatingMethodAccessorImpl.java:43) ~[na:na]
	at java.base/java.lang.reflect.Method.invoke(Method.java:568) ~[na:na]
	at java.base/sun.reflect.misc.MethodUtil.invoke(MethodUtil.java:262) ~[na:na]
	at java.management/com.sun.jmx.mbeanserver.ConvertingMethod.invokeWithOpenReturn(ConvertingMethod.java:193) ~[na:na]
	at java.management/com.sun.jmx.mbeanserver.ConvertingMethod.invokeWithOpenReturn(ConvertingMethod.java:175) ~[na:na]
	at java.management/com.sun.jmx.mbeanserver.MXBeanIntrospector.invokeM2(MXBeanIntrospector.java:117) ~[na:na]
	at java.management/com.sun.jmx.mbeanserver.MXBeanIntrospector.invokeM2(MXBeanIntrospector.java:54) ~[na:na]
	at java.management/com.sun.jmx.mbeanserver.MBeanIntrospector.invokeM(MBeanIntrospector.java:237) ~[na:na]
	at java.management/com.sun.jmx.mbeanserver.PerInterface.invoke(PerInterface.java:138) ~[na:na]
	at java.management/com.sun.jmx.mbeanserver.MBeanSupport.invoke(MBeanSupport.java:252) ~[na:na]
	at java.management/com.sun.jmx.interceptor.DefaultMBeanServerInterceptor.invoke(DefaultMBeanServerInterceptor.java:814) ~[na:na]
	at java.management/com.sun.jmx.mbeanserver.JmxMBeanServer.invoke(JmxMBeanServer.java:802) ~[na:na]
	at java.management.rmi/javax.management.remote.rmi.RMIConnectionImpl.doOperation(RMIConnectionImpl.java:1472) ~[na:na]
	at java.management.rmi/javax.management.remote.rmi.RMIConnectionImpl$PrivilegedOperation.run(RMIConnectionImpl.java:1310) ~[na:na]
	at java.management.rmi/javax.management.remote.rmi.RMIConnectionImpl.doPrivilegedOperation(RMIConnectionImpl.java:1405) ~[na:na]
	at java.management.rmi/javax.management.remote.rmi.RMIConnectionImpl.invoke(RMIConnectionImpl.java:829) ~[na:na]
	at java.base/jdk.internal.reflect.GeneratedMethodAccessor23.invoke(Unknown Source) ~[na:na]
	at java.base/jdk.internal.reflect.DelegatingMethodAccessorImpl.invoke(DelegatingMethodAccessorImpl.java:43) ~[na:na]
	at java.base/java.lang.reflect.Method.invoke(Method.java:568) ~[na:na]
	at java.rmi/sun.rmi.server.UnicastServerRef.dispatch(UnicastServerRef.java:360) ~[na:na]
	at java.rmi/sun.rmi.transport.Transport$1.run(Transport.java:200) ~[na:na]
	at java.rmi/sun.rmi.transport.Transport$1.run(Transport.java:197) ~[na:na]
	at java.base/java.security.AccessController.doPrivileged(AccessController.java:712) ~[na:na]
	at java.rmi/sun.rmi.transport.Transport.serviceCall(Transport.java:196) ~[na:na]
	at java.rmi/sun.rmi.transport.tcp.TCPTransport.handleMessages(TCPTransport.java:587) ~[na:na]
	at java.rmi/sun.rmi.transport.tcp.TCPTransport$ConnectionHandler.run0(TCPTransport.java:828) ~[na:na]
	at java.rmi/sun.rmi.transport.tcp.TCPTransport$ConnectionHandler.lambda$run$0(TCPTransport.java:705) ~[na:na]
	at java.base/java.security.AccessController.doPrivileged(AccessController.java:399) ~[na:na]
	at java.rmi/sun.rmi.transport.tcp.TCPTransport$ConnectionHandler.run(TCPTransport.java:704) ~[na:na]
	at java.base/java.util.concurrent.ThreadPoolExecutor.runWorker(ThreadPoolExecutor.java:1136) ~[na:na]
	at java.base/java.util.concurrent.ThreadPoolExecutor$Worker.run(ThreadPoolExecutor.java:635) ~[na:na]
	at java.base/java.lang.Thread.run(Thread.java:833) ~[na:na]
